<?xml version="1.0" encoding="UTF-8"?>
<testsuite xmlns:xsi="http://www.w3.org/2001/XMLSchema-instance" xsi:noNamespaceSchemaLocation="https://maven.apache.org/surefire/maven-surefire-plugin/xsd/surefire-test-report-3.0.xsd" version="3.0" name="com.example.products_microservice.ProductServiceImplTest" time="4.668" tests="1" errors="0" skipped="0" failures="0">
  <properties>
[...]
</properties>
  <testcase name="createProduct" classname="com.example.products_microservice.ProductServiceImplTest" time="0.657">
    <system-out><![CDATA[19:29:54.991 [main] INFO org.springframework.test.context.support.AnnotationConfigContextLoaderUtils -- Could not detect default configuration classes for test class [com.example.products_microservice.ProductServiceImplTest]: ProductServiceImplTest does not declare any static, non-private, non-final, nested classes annotated with @Configuration.
19:29:55.104 [main] INFO org.springframework.boot.test.context.SpringBootTestContextBootstrapper -- Found @SpringBootConfiguration com.example.products_microservice.ProductsMicroserviceApplication for test class com.example.products_microservice.ProductServiceImplTest

  .   ____          _            __ _ _
 /\\ / ___'_ __ _ _(_)_ __  __ _ \ \ \ \
( ( )\___ | '_ | '_| | '_ \/ _` | \ \ \ \
 \\/  ___)| |_)| | | | | || (_| |  ) ) ) )
  '  |____| .__|_| |_|_| |_\__, | / / / /
 =========|_|==============|___/=/_/_/_/

 :: Spring Boot ::                (v3.4.1)

2025-02-16T19:29:55.674+01:00  INFO 61283 --- [products-microservice] [           main] k.utils.Log4jControllerRegistration$     : Registered kafka:type=kafka.Log4jController MBean
2025-02-16T19:29:55.714+01:00  INFO 61283 --- [products-microservice] [           main] o.a.zookeeper.server.ZooKeeperServer     : 
2025-02-16T19:29:55.714+01:00  INFO 61283 --- [products-microservice] [           main] o.a.zookeeper.server.ZooKeeperServer     :   ______                  _                                          
2025-02-16T19:29:55.714+01:00  INFO 61283 --- [products-microservice] [           main] o.a.zookeeper.server.ZooKeeperServer     :  |___  /                 | |                                         
2025-02-16T19:29:55.714+01:00  INFO 61283 --- [products-microservice] [           main] o.a.zookeeper.server.ZooKeeperServer     :     / /    ___     ___   | | __   ___    ___   _ __     ___   _ __   
2025-02-16T19:29:55.714+01:00  INFO 61283 --- [products-microservice] [           main] o.a.zookeeper.server.ZooKeeperServer     :    / /    / _ \   / _ \  | |/ /  / _ \  / _ \ | '_ \   / _ \ | '__|
2025-02-16T19:29:55.715+01:00  INFO 61283 --- [products-microservice] [           main] o.a.zookeeper.server.ZooKeeperServer     :   / /__  | (_) | | (_) | |   <  |  __/ |  __/ | |_) | |  __/ | |    
2025-02-16T19:29:55.715+01:00  INFO 61283 --- [products-microservice] [           main] o.a.zookeeper.server.ZooKeeperServer     :  /_____|  \___/   \___/  |_|\_\  \___|  \___| | .__/   \___| |_|
2025-02-16T19:29:55.715+01:00  INFO 61283 --- [products-microservice] [           main] o.a.zookeeper.server.ZooKeeperServer     :                                               | |                     
2025-02-16T19:29:55.715+01:00  INFO 61283 --- [products-microservice] [           main] o.a.zookeeper.server.ZooKeeperServer     :                                               |_|                     
2025-02-16T19:29:55.715+01:00  INFO 61283 --- [products-microservice] [           main] o.a.zookeeper.server.ZooKeeperServer     : 
2025-02-16T19:29:55.723+01:00  INFO 61283 --- [products-microservice] [           main] o.a.zookeeper.server.ZooKeeperServer     : Server environment:zookeeper.version=3.8.4-9316c2a7a97e1666d8f4593f34dd6fc36ecc436c, built on 2024-02-12 22:16 UTC
2025-02-16T19:29:55.723+01:00  INFO 61283 --- [products-microservice] [           main] o.a.zookeeper.server.ZooKeeperServer     : Server environment:host.name=lei
2025-02-16T19:29:55.723+01:00  INFO 61283 --- [products-microservice] [           main] o.a.zookeeper.server.ZooKeeperServer     : Server environment:java.version=21.0.6
2025-02-16T19:29:55.724+01:00  INFO 61283 --- [products-microservice] [           main] o.a.zookeeper.server.ZooKeeperServer     : Server environment:java.vendor=Amazon.com Inc.
2025-02-16T19:29:55.724+01:00  INFO 61283 --- [products-microservice] [           main] o.a.zookeeper.server.ZooKeeperServer     : Server environment:java.home=/home/lei/.jdks/corretto-21.0.6
2025-02-16T19:29:55.724+01:00  INFO 61283 --- [products-microservice] [           main] o.a.zookeeper.server.ZooKeeperServer     : Server environment:java.class.path=/home/lei/dev/kafka-beginners/products-microservice/target/test-classes:/home/lei/dev/kafka-beginners/products-microservice/target/classes:/home/lei/.m2/repository/com/example/core/0.0.1-SNAPSHOT/core-0.0.1-SNAPSHOT.jar:/home/lei/.m2/repository/org/projectlombok/lombok/1.18.36/lombok-1.18.36.jar:/home/lei/.m2/repository/org/springframework/boot/spring-boot-starter-web/3.4.1/spring-boot-starter-web-3.4.1.jar:/home/lei/.m2/repository/org/springframework/boot/spring-boot-starter/3.4.1/spring-boot-starter-3.4.1.jar:/home/lei/.m2/repository/org/springframework/boot/spring-boot/3.4.1/spring-boot-3.4.1.jar:/home/lei/.m2/repository/org/springframework/boot/spring-boot-autoconfigure/3.4.1/spring-boot-autoconfigure-3.4.1.jar:/home/lei/.m2/repository/org/springframework/boot/spring-boot-starter-logging/3.4.1/spring-boot-starter-logging-3.4.1.jar:/home/lei/.m2/repository/org/apache/logging/log4j/log4j-to-slf4j/2.24.3/log4j-to-slf4j-2.24.3.jar:/home/lei/.m2/repository/org/apache/logging/log4j/log4j-api/2.24.3/log4j-api-2.24.3.jar:/home/lei/.m2/repository/org/slf4j/jul-to-slf4j/2.0.16/jul-to-slf4j-2.0.16.jar:/home/lei/.m2/repository/jakarta/annotation/jakarta.annotation-api/2.1.1/jakarta.annotation-api-2.1.1.jar:/home/lei/.m2/repository/org/yaml/snakeyaml/2.3/snakeyaml-2.3.jar:/home/lei/.m2/repository/org/springframework/boot/spring-boot-starter-json/3.4.1/spring-boot-starter-json-3.4.1.jar:/home/lei/.m2/repository/com/fasterxml/jackson/core/jackson-databind/2.18.2/jackson-databind-2.18.2.jar:/home/lei/.m2/repository/com/fasterxml/jackson/core/jackson-annotations/2.18.2/jackson-annotations-2.18.2.jar:/home/lei/.m2/repository/com/fasterxml/jackson/core/jackson-core/2.18.2/jackson-core-2.18.2.jar:/home/lei/.m2/repository/com/fasterxml/jackson/datatype/jackson-datatype-jdk8/2.18.2/jackson-datatype-jdk8-2.18.2.jar:/home/lei/.m2/repository/com/fasterxml/jackson/datatype/jackson-datatype-jsr310/2.18.2/jackson-datatype-jsr310-2.18.2.jar:/home/lei/.m2/repository/com/fasterxml/jackson/module/jackson-module-parameter-names/2.18.2/jackson-module-parameter-names-2.18.2.jar:/home/lei/.m2/repository/org/springframework/boot/spring-boot-starter-tomcat/3.4.1/spring-boot-starter-tomcat-3.4.1.jar:/home/lei/.m2/repository/org/apache/tomcat/embed/tomcat-embed-core/10.1.34/tomcat-embed-core-10.1.34.jar:/home/lei/.m2/repository/org/apache/tomcat/embed/tomcat-embed-el/10.1.34/tomcat-embed-el-10.1.34.jar:/home/lei/.m2/repository/org/apache/tomcat/embed/tomcat-embed-websocket/10.1.34/tomcat-embed-websocket-10.1.34.jar:/home/lei/.m2/repository/org/springframework/spring-web/6.2.1/spring-web-6.2.1.jar:/home/lei/.m2/repository/org/springframework/spring-beans/6.2.1/spring-beans-6.2.1.jar:/home/lei/.m2/repository/org/springframework/spring-webmvc/6.2.1/spring-webmvc-6.2.1.jar:/home/lei/.m2/repository/org/springframework/spring-aop/6.2.1/spring-aop-6.2.1.jar:/home/lei/.m2/repository/org/springframework/spring-expression/6.2.1/spring-expression-6.2.1.jar:/home/lei/.m2/repository/org/springframework/kafka/spring-kafka/3.3.1/spring-kafka-3.3.1.jar:/home/lei/.m2/repository/org/springframework/spring-context/6.2.1/spring-context-6.2.1.jar:/home/lei/.m2/repository/org/springframework/spring-messaging/6.2.1/spring-messaging-6.2.1.jar:/home/lei/.m2/repository/org/springframework/spring-tx/6.2.1/spring-tx-6.2.1.jar:/home/lei/.m2/repository/org/springframework/retry/spring-retry/2.0.11/spring-retry-2.0.11.jar:/home/lei/.m2/repository/org/apache/kafka/kafka-clients/3.8.1/kafka-clients-3.8.1.jar:/home/lei/.m2/repository/com/github/luben/zstd-jni/1.5.6-4/zstd-jni-1.5.6-4.jar:/home/lei/.m2/repository/org/lz4/lz4-java/1.8.0/lz4-java-1.8.0.jar:/home/lei/.m2/repository/org/xerial/snappy/snappy-java/1.1.10.5/snappy-java-1.1.10.5.jar:/home/lei/.m2/repository/org/slf4j/slf4j-api/2.0.16/slf4j-api-2.0.16.jar:/home/lei/.m2/repository/io/micrometer/micrometer-observation/1.14.2/micrometer-observation-1.14.2.jar:/home/lei/.m2/repository/io/micrometer/micrometer-commons/1.14.2/micrometer-commons-1.14.2.jar:/home/lei/.m2/repository/org/springframework/boot/spring-boot-starter-test/3.4.1/spring-boot-starter-test-3.4.1.jar:/home/lei/.m2/repository/org/springframework/boot/spring-boot-test/3.4.1/spring-boot-test-3.4.1.jar:/home/lei/.m2/repository/org/springframework/boot/spring-boot-test-autoconfigure/3.4.1/spring-boot-test-autoconfigure-3.4.1.jar:/home/lei/.m2/repository/com/jayway/jsonpath/json-path/2.9.0/json-path-2.9.0.jar:/home/lei/.m2/repository/jakarta/xml/bind/jakarta.xml.bind-api/4.0.2/jakarta.xml.bind-api-4.0.2.jar:/home/lei/.m2/repository/jakarta/activation/jakarta.activation-api/2.1.3/jakarta.activation-api-2.1.3.jar:/home/lei/.m2/repository/net/minidev/json-smart/2.5.1/json-smart-2.5.1.jar:/home/lei/.m2/repository/net/minidev/accessors-smart/2.5.1/accessors-smart-2.5.1.jar:/home/lei/.m2/repository/org/ow2/asm/asm/9.6/asm-9.6.jar:/home/lei/.m2/repository/org/assertj/assertj-core/3.26.3/assertj-core-3.26.3.jar:/home/lei/.m2/repository/net/bytebuddy/byte-buddy/1.15.11/byte-buddy-1.15.11.jar:/home/lei/.m2/repository/org/awaitility/awaitility/4.2.2/awaitility-4.2.2.jar:/home/lei/.m2/repository/org/hamcrest/hamcrest/2.2/hamcrest-2.2.jar:/home/lei/.m2/repository/org/junit/jupiter/junit-jupiter/5.11.4/junit-jupiter-5.11.4.jar:/home/lei/.m2/repository/org/junit/jupiter/junit-jupiter-params/5.11.4/junit-jupiter-params-5.11.4.jar:/home/lei/.m2/repository/org/junit/jupiter/junit-jupiter-engine/5.11.4/junit-jupiter-engine-5.11.4.jar:/home/lei/.m2/repository/org/mockito/mockito-core/5.14.2/mockito-core-5.14.2.jar:/home/lei/.m2/repository/net/bytebuddy/byte-buddy-agent/1.15.11/byte-buddy-agent-1.15.11.jar:/home/lei/.m2/repository/org/objenesis/objenesis/3.3/objenesis-3.3.jar:/home/lei/.m2/repository/org/mockito/mockito-junit-jupiter/5.14.2/mockito-junit-jupiter-5.14.2.jar:/home/lei/.m2/repository/org/skyscreamer/jsonassert/1.5.3/jsonassert-1.5.3.jar:/home/lei/.m2/repository/com/vaadin/external/google/android-json/0.0.20131108.vaadin1/android-json-0.0.20131108.vaadin1.jar:/home/lei/.m2/repository/org/springframework/spring-core/6.2.1/spring-core-6.2.1.jar:/home/lei/.m2/repository/org/springframework/spring-jcl/6.2.1/spring-jcl-6.2.1.jar:/home/lei/.m2/repository/org/springframework/spring-test/6.2.1/spring-test-6.2.1.jar:/home/lei/.m2/repository/org/xmlunit/xmlunit-core/2.10.0/xmlunit-core-2.10.0.jar:/home/lei/.m2/repository/org/springframework/kafka/spring-kafka-test/3.3.1/spring-kafka-test-3.3.1.jar:/home/lei/.m2/repository/org/apache/zookeeper/zookeeper/3.8.4/zookeeper-3.8.4.jar:/home/lei/.m2/repository/org/apache/zookeeper/zookeeper-jute/3.8.4/zookeeper-jute-3.8.4.jar:/home/lei/.m2/repository/org/apache/yetus/audience-annotations/0.12.0/audience-annotations-0.12.0.jar:/home/lei/.m2/repository/io/netty/netty-handler/4.1.116.Final/netty-handler-4.1.116.Final.jar:/home/lei/.m2/repository/io/netty/netty-common/4.1.116.Final/netty-common-4.1.116.Final.jar:/home/lei/.m2/repository/io/netty/netty-resolver/4.1.116.Final/netty-resolver-4.1.116.Final.jar:/home/lei/.m2/repository/io/netty/netty-buffer/4.1.116.Final/netty-buffer-4.1.116.Final.jar:/home/lei/.m2/repository/io/netty/netty-transport/4.1.116.Final/netty-transport-4.1.116.Final.jar:/home/lei/.m2/repository/io/netty/netty-transport-native-unix-common/4.1.116.Final/netty-transport-native-unix-common-4.1.116.Final.jar:/home/lei/.m2/repository/io/netty/netty-codec/4.1.116.Final/netty-codec-4.1.116.Final.jar:/home/lei/.m2/repository/io/netty/netty-transport-native-epoll/4.1.116.Final/netty-transport-native-epoll-4.1.116.Final.jar:/home/lei/.m2/repository/io/netty/netty-transport-classes-epoll/4.1.116.Final/netty-transport-classes-epoll-4.1.116.Final.jar:/home/lei/.m2/repository/ch/qos/logback/logback-core/1.5.12/logback-core-1.5.12.jar:/home/lei/.m2/repository/ch/qos/logback/logback-classic/1.5.12/logback-classic-1.5.12.jar:/home/lei/.m2/repository/commons-io/commons-io/2.11.0/commons-io-2.11.0.jar:/home/lei/.m2/repository/org/apache/kafka/kafka-clients/3.8.1/kafka-clients-3.8.1-test.jar:/home/lei/.m2/repository/org/apache/kafka/kafka-server/3.8.1/kafka-server-3.8.1.jar:/home/lei/.m2/repository/org/apache/kafka/kafka-group-coordinator/3.8.1/kafka-group-coordinator-3.8.1.jar:/home/lei/.m2/repository/org/apache/kafka/kafka-transaction-coordinator/3.8.1/kafka-transaction-coordinator-3.8.1.jar:/home/lei/.m2/repository/org/apache/kafka/kafka-raft/3.8.1/kafka-raft-3.8.1.jar:/home/lei/.m2/repository/com/yammer/metrics/metrics-core/2.2.0/metrics-core-2.2.0.jar:/home/lei/.m2/repository/org/apache/kafka/kafka-metadata/3.8.1/kafka-metadata-3.8.1.jar:/home/lei/.m2/repository/org/apache/kafka/kafka-server-common/3.8.1/kafka-server-common-3.8.1.jar:/home/lei/.m2/repository/net/sf/jopt-simple/jopt-simple/5.0.4/jopt-simple-5.0.4.jar:/home/lei/.m2/repository/org/pcollections/pcollections/4.0.1/pcollections-4.0.1.jar:/home/lei/.m2/repository/org/apache/kafka/kafka-server-common/3.8.1/kafka-server-common-3.8.1-test.jar:/home/lei/.m2/repository/org/apache/kafka/kafka-streams-test-utils/3.8.1/kafka-streams-test-utils-3.8.1.jar:/home/lei/.m2/repository/org/apache/kafka/kafka-streams/3.8.1/kafka-streams-3.8.1.jar:/home/lei/.m2/repository/org/rocksdb/rocksdbjni/7.9.2/rocksdbjni-7.9.2.jar:/home/lei/.m2/repository/org/apache/kafka/kafka_2.13/3.8.1/kafka_2.13-3.8.1.jar:/home/lei/.m2/repository/org/scala-lang/scala-library/2.13.14/scala-library-2.13.14.jar:/home/lei/.m2/repository/org/apache/kafka/kafka-group-coordinator-api/3.8.1/kafka-group-coordinator-api-3.8.1.jar:/home/lei/.m2/repository/org/apache/kafka/kafka-storage-api/3.8.1/kafka-storage-api-3.8.1.jar:/home/lei/.m2/repository/org/apache/kafka/kafka-tools-api/3.8.1/kafka-tools-api-3.8.1.jar:/home/lei/.m2/repository/org/apache/kafka/kafka-storage/3.8.1/kafka-storage-3.8.1.jar:/home/lei/.m2/repository/com/github/ben-manes/caffeine/caffeine/3.1.8/caffeine-3.1.8.jar:/home/lei/.m2/repository/org/checkerframework/checker-qual/3.37.0/checker-qual-3.37.0.jar:/home/lei/.m2/repository/com/google/errorprone/error_prone_annotations/2.21.1/error_prone_annotations-2.21.1.jar:/home/lei/.m2/repository/net/sourceforge/argparse4j/argparse4j/0.7.0/argparse4j-0.7.0.jar:/home/lei/.m2/repository/commons-validator/commons-validator/1.7/commons-validator-1.7.jar:/home/lei/.m2/repository/commons-beanutils/commons-beanutils/1.9.4/commons-beanutils-1.9.4.jar:/home/lei/.m2/repository/commons-digester/commons-digester/2.1/commons-digester-2.1.jar:/home/lei/.m2/repository/commons-collections/commons-collections/3.2.2/commons-collections-3.2.2.jar:/home/lei/.m2/repository/com/fasterxml/jackson/module/jackson-module-scala_2.13/2.18.2/jackson-module-scala_2.13-2.18.2.jar:/home/lei/.m2/repository/com/thoughtworks/paranamer/paranamer/2.8/paranamer-2.8.jar:/home/lei/.m2/repository/com/fasterxml/jackson/dataformat/jackson-dataformat-csv/2.18.2/jackson-dataformat-csv-2.18.2.jar:/home/lei/.m2/repository/org/bitbucket/b_c/jose4j/0.9.4/jose4j-0.9.4.jar:/home/lei/.m2/repository/org/scala-lang/modules/scala-collection-compat_2.13/2.10.0/scala-collection-compat_2.13-2.10.0.jar:/home/lei/.m2/repository/org/scala-lang/modules/scala-java8-compat_2.13/1.0.2/scala-java8-compat_2.13-1.0.2.jar:/home/lei/.m2/repository/org/scala-lang/scala-reflect/2.13.14/scala-reflect-2.13.14.jar:/home/lei/.m2/repository/com/typesafe/scala-logging/scala-logging_2.13/3.9.4/scala-logging_2.13-3.9.4.jar:/home/lei/.m2/repository/io/dropwizard/metrics/metrics-core/4.1.12.1/metrics-core-4.1.12.1.jar:/home/lei/.m2/repository/commons-cli/commons-cli/1.4/commons-cli-1.4.jar:/home/lei/.m2/repository/org/apache/kafka/kafka_2.13/3.8.1/kafka_2.13-3.8.1-test.jar:/home/lei/.m2/repository/org/junit/jupiter/junit-jupiter-api/5.11.4/junit-jupiter-api-5.11.4.jar:/home/lei/.m2/repository/org/opentest4j/opentest4j/1.3.0/opentest4j-1.3.0.jar:/home/lei/.m2/repository/org/junit/platform/junit-platform-commons/1.11.4/junit-platform-commons-1.11.4.jar:/home/lei/.m2/repository/org/junit/platform/junit-platform-launcher/1.11.4/junit-platform-launcher-1.11.4.jar:/home/lei/.m2/repository/org/junit/platform/junit-platform-engine/1.11.4/junit-platform-engine-1.11.4.jar:/home/lei/.m2/repository/org/apiguardian/apiguardian-api/1.1.2/apiguardian-api-1.1.2.jar:
2025-02-16T19:29:55.725+01:00  INFO 61283 --- [products-microservice] [           main] o.a.zookeeper.server.ZooKeeperServer     : Server environment:java.library.path=/usr/java/packages/lib:/usr/lib64:/lib64:/lib:/usr/lib
2025-02-16T19:29:55.726+01:00  INFO 61283 --- [products-microservice] [           main] o.a.zookeeper.server.ZooKeeperServer     : Server environment:java.io.tmpdir=/tmp
2025-02-16T19:29:55.726+01:00  INFO 61283 --- [products-microservice] [           main] o.a.zookeeper.server.ZooKeeperServer     : Server environment:java.compiler=<NA>
2025-02-16T19:29:55.726+01:00  INFO 61283 --- [products-microservice] [           main] o.a.zookeeper.server.ZooKeeperServer     : Server environment:os.name=Linux
2025-02-16T19:29:55.726+01:00  INFO 61283 --- [products-microservice] [           main] o.a.zookeeper.server.ZooKeeperServer     : Server environment:os.arch=amd64
2025-02-16T19:29:55.726+01:00  INFO 61283 --- [products-microservice] [           main] o.a.zookeeper.server.ZooKeeperServer     : Server environment:os.version=6.13.2-arch1-1
2025-02-16T19:29:55.726+01:00  INFO 61283 --- [products-microservice] [           main] o.a.zookeeper.server.ZooKeeperServer     : Server environment:user.name=lei
2025-02-16T19:29:55.726+01:00  INFO 61283 --- [products-microservice] [           main] o.a.zookeeper.server.ZooKeeperServer     : Server environment:user.home=/home/lei
2025-02-16T19:29:55.727+01:00  INFO 61283 --- [products-microservice] [           main] o.a.zookeeper.server.ZooKeeperServer     : Server environment:user.dir=/home/lei/dev/kafka-beginners/products-microservice
2025-02-16T19:29:55.727+01:00  INFO 61283 --- [products-microservice] [           main] o.a.zookeeper.server.ZooKeeperServer     : Server environment:os.memory.free=38MB
2025-02-16T19:29:55.727+01:00  INFO 61283 --- [products-microservice] [           main] o.a.zookeeper.server.ZooKeeperServer     : Server environment:os.memory.max=5956MB
2025-02-16T19:29:55.727+01:00  INFO 61283 --- [products-microservice] [           main] o.a.zookeeper.server.ZooKeeperServer     : Server environment:os.memory.total=68MB
2025-02-16T19:29:55.727+01:00  INFO 61283 --- [products-microservice] [           main] o.a.zookeeper.server.ZooKeeperServer     : zookeeper.enableEagerACLCheck = false
2025-02-16T19:29:55.729+01:00  INFO 61283 --- [products-microservice] [           main] o.a.zookeeper.server.ZooKeeperServer     : zookeeper.digest.enabled = true
2025-02-16T19:29:55.730+01:00  INFO 61283 --- [products-microservice] [           main] o.a.zookeeper.server.ZooKeeperServer     : zookeeper.closeSessionTxn.enabled = true
2025-02-16T19:29:55.730+01:00  INFO 61283 --- [products-microservice] [           main] o.a.zookeeper.server.ZooKeeperServer     : zookeeper.flushDelay = 0 ms
2025-02-16T19:29:55.730+01:00  INFO 61283 --- [products-microservice] [           main] o.a.zookeeper.server.ZooKeeperServer     : zookeeper.maxWriteQueuePollTime = 0 ms
2025-02-16T19:29:55.730+01:00  INFO 61283 --- [products-microservice] [           main] o.a.zookeeper.server.ZooKeeperServer     : zookeeper.maxBatchSize=1000
2025-02-16T19:29:55.730+01:00  INFO 61283 --- [products-microservice] [           main] o.a.zookeeper.server.ZooKeeperServer     : zookeeper.intBufferStartingSizeBytes = 1024
2025-02-16T19:29:55.732+01:00  INFO 61283 --- [products-microservice] [           main] o.a.z.server.persistence.FileTxnSnapLog  : zookeeper.snapshot.trust.empty : false
2025-02-16T19:29:55.751+01:00  INFO 61283 --- [products-microservice] [           main] o.a.z.server.watch.WatchManagerFactory   : Using org.apache.zookeeper.server.watch.WatchManager as watch manager
2025-02-16T19:29:55.753+01:00  INFO 61283 --- [products-microservice] [           main] o.a.z.server.watch.WatchManagerFactory   : Using org.apache.zookeeper.server.watch.WatchManager as watch manager
2025-02-16T19:29:55.754+01:00  INFO 61283 --- [products-microservice] [           main] org.apache.zookeeper.server.ZKDatabase   : zookeeper.snapshotSizeFactor = 0.33
2025-02-16T19:29:55.755+01:00  INFO 61283 --- [products-microservice] [           main] org.apache.zookeeper.server.ZKDatabase   : zookeeper.commitLogCount=500
2025-02-16T19:29:55.761+01:00  INFO 61283 --- [products-microservice] [           main] o.apache.zookeeper.server.BlueThrottle   : Weighed connection throttling is disabled
2025-02-16T19:29:55.764+01:00  INFO 61283 --- [products-microservice] [           main] o.a.zookeeper.server.ZooKeeperServer     : minSessionTimeout set to 1600 ms
2025-02-16T19:29:55.766+01:00  INFO 61283 --- [products-microservice] [           main] o.a.zookeeper.server.ZooKeeperServer     : maxSessionTimeout set to 16000 ms
2025-02-16T19:29:55.768+01:00  INFO 61283 --- [products-microservice] [           main] o.apache.zookeeper.server.ResponseCache  : getData response cache size is initialized with value 400.
2025-02-16T19:29:55.768+01:00  INFO 61283 --- [products-microservice] [           main] o.apache.zookeeper.server.ResponseCache  : getChildren response cache size is initialized with value 400.
2025-02-16T19:29:55.769+01:00  INFO 61283 --- [products-microservice] [           main] o.a.z.s.u.RequestPathMetricsCollector    : zookeeper.pathStats.slotCapacity = 60
2025-02-16T19:29:55.770+01:00  INFO 61283 --- [products-microservice] [           main] o.a.z.s.u.RequestPathMetricsCollector    : zookeeper.pathStats.slotDuration = 15
2025-02-16T19:29:55.770+01:00  INFO 61283 --- [products-microservice] [           main] o.a.z.s.u.RequestPathMetricsCollector    : zookeeper.pathStats.maxDepth = 6
2025-02-16T19:29:55.770+01:00  INFO 61283 --- [products-microservice] [           main] o.a.z.s.u.RequestPathMetricsCollector    : zookeeper.pathStats.initialDelay = 5
2025-02-16T19:29:55.770+01:00  INFO 61283 --- [products-microservice] [           main] o.a.z.s.u.RequestPathMetricsCollector    : zookeeper.pathStats.delay = 5
2025-02-16T19:29:55.770+01:00  INFO 61283 --- [products-microservice] [           main] o.a.z.s.u.RequestPathMetricsCollector    : zookeeper.pathStats.enabled = false
2025-02-16T19:29:55.772+01:00  INFO 61283 --- [products-microservice] [           main] o.a.zookeeper.server.ZooKeeperServer     : The max bytes for all large requests are set to 104857600
2025-02-16T19:29:55.772+01:00  INFO 61283 --- [products-microservice] [           main] o.a.zookeeper.server.ZooKeeperServer     : The large request threshold is set to -1
2025-02-16T19:29:55.773+01:00  INFO 61283 --- [products-microservice] [           main] o.a.z.server.AuthenticationHelper        : zookeeper.enforce.auth.enabled = false
2025-02-16T19:29:55.773+01:00  INFO 61283 --- [products-microservice] [           main] o.a.z.server.AuthenticationHelper        : zookeeper.enforce.auth.schemes = []
2025-02-16T19:29:55.773+01:00  INFO 61283 --- [products-microservice] [           main] o.a.zookeeper.server.ZooKeeperServer     : Created server with tickTime 800 ms minSessionTimeout 1600 ms maxSessionTimeout 16000 ms clientPortListenBacklog -1 datadir /tmp/kafka-2894485893640946089/version-2 snapdir /tmp/kafka-12811707784556817397/version-2
2025-02-16T19:29:55.778+01:00  WARN 61283 --- [products-microservice] [           main] o.a.zookeeper.server.ServerCnxnFactory   : maxCnxns is not configured, using default value 0.
2025-02-16T19:29:55.781+01:00  INFO 61283 --- [products-microservice] [           main] o.a.z.server.NIOServerCnxnFactory        : Configuring NIO connection handler with 10s sessionless connection timeout, 2 selector thread(s), 16 worker threads, and 64 kB direct buffers.
2025-02-16T19:29:55.788+01:00  INFO 61283 --- [products-microservice] [           main] o.a.z.server.NIOServerCnxnFactory        : binding to port /127.0.0.1:0
2025-02-16T19:29:55.804+01:00  INFO 61283 --- [products-microservice] [           main] o.a.z.server.persistence.SnapStream      : zookeeper.snapshot.compression.method = CHECKED
2025-02-16T19:29:55.805+01:00  INFO 61283 --- [products-microservice] [           main] o.a.z.server.persistence.FileTxnSnapLog  : Snapshotting: 0x0 to /tmp/kafka-12811707784556817397/version-2/snapshot.0
2025-02-16T19:29:55.809+01:00  INFO 61283 --- [products-microservice] [           main] org.apache.zookeeper.server.ZKDatabase   : Snapshot loaded in 17 ms, highest zxid is 0x0, digest is 1371985504
2025-02-16T19:29:55.809+01:00  INFO 61283 --- [products-microservice] [           main] o.a.z.server.persistence.FileTxnSnapLog  : Snapshotting: 0x0 to /tmp/kafka-12811707784556817397/version-2/snapshot.0
2025-02-16T19:29:55.810+01:00  INFO 61283 --- [products-microservice] [           main] o.a.zookeeper.server.ZooKeeperServer     : Snapshot taken in 1 ms
2025-02-16T19:29:55.816+01:00  INFO 61283 --- [products-microservice] [0 cport:41261):] o.a.z.server.PrepRequestProcessor        : PrepRequestProcessor (sid:0) started, reconfigEnabled=false
2025-02-16T19:29:55.816+01:00  INFO 61283 --- [products-microservice] [           main] o.a.zookeeper.server.RequestThrottler    : zookeeper.request_throttler.shutdownTimeout = 10000 ms
2025-02-16T19:29:55.981+01:00  INFO 61283 --- [products-microservice] [           main] kafka.server.KafkaConfig                 : KafkaConfig values: 
	advertised.listeners = null
	alter.config.policy.class.name = null
	alter.log.dirs.replication.quota.window.num = 11
	alter.log.dirs.replication.quota.window.size.seconds = 1
	authorizer.class.name = 
	auto.create.topics.enable = true
	auto.include.jmx.reporter = true
	auto.leader.rebalance.enable = true
	background.threads = 2
	broker.heartbeat.interval.ms = 2000
	broker.id = 0
	broker.id.generation.enable = true
	broker.rack = null
	broker.session.timeout.ms = 9000
	client.quota.callback.class = null
	compression.gzip.level = -1
	compression.lz4.level = 9
	compression.type = producer
	compression.zstd.level = 3
	connection.failed.authentication.delay.ms = 100
	connections.max.idle.ms = 600000
	connections.max.reauth.ms = 0
	control.plane.listener.name = null
	controlled.shutdown.enable = true
	controlled.shutdown.max.retries = 3
	controlled.shutdown.retry.backoff.ms = 100
	controller.listener.names = null
	controller.quorum.append.linger.ms = 25
	controller.quorum.bootstrap.servers = []
	controller.quorum.election.backoff.max.ms = 1000
	controller.quorum.election.timeout.ms = 1000
	controller.quorum.fetch.timeout.ms = 2000
	controller.quorum.request.timeout.ms = 2000
	controller.quorum.retry.backoff.ms = 20
	controller.quorum.voters = []
	controller.quota.window.num = 11
	controller.quota.window.size.seconds = 1
	controller.socket.timeout.ms = 1000
	create.topic.policy.class.name = null
	default.replication.factor = 3
	delegation.token.expiry.check.interval.ms = 3600000
	delegation.token.expiry.time.ms = 86400000
	delegation.token.master.key = null
	delegation.token.max.lifetime.ms = 604800000
	delegation.token.secret.key = null
	delete.records.purgatory.purge.interval.requests = 1
	delete.topic.enable = true
	early.start.listeners = null
	eligible.leader.replicas.enable = false
	fetch.max.bytes = 57671680
	fetch.purgatory.purge.interval.requests = 1000
	group.consumer.assignors = [org.apache.kafka.coordinator.group.assignor.UniformAssignor, org.apache.kafka.coordinator.group.assignor.RangeAssignor]
	group.consumer.heartbeat.interval.ms = 5000
	group.consumer.max.heartbeat.interval.ms = 15000
	group.consumer.max.session.timeout.ms = 60000
	group.consumer.max.size = 2147483647
	group.consumer.migration.policy = disabled
	group.consumer.min.heartbeat.interval.ms = 5000
	group.consumer.min.session.timeout.ms = 45000
	group.consumer.session.timeout.ms = 45000
	group.coordinator.append.linger.ms = 10
	group.coordinator.new.enable = false
	group.coordinator.rebalance.protocols = [classic]
	group.coordinator.threads = 1
	group.initial.rebalance.delay.ms = 0
	group.max.session.timeout.ms = 1800000
	group.max.size = 2147483647
	group.min.session.timeout.ms = 6000
	initial.broker.registration.timeout.ms = 60000
	inter.broker.listener.name = null
	inter.broker.protocol.version = 3.8-IV0
	kafka.metrics.polling.interval.secs = 10
	kafka.metrics.reporters = []
	leader.imbalance.check.interval.seconds = 300
	leader.imbalance.per.broker.percentage = 10
	listener.security.protocol.map = SASL_SSL:SASL_SSL,PLAINTEXT:PLAINTEXT,SSL:SSL,SASL_PLAINTEXT:SASL_PLAINTEXT
	listeners = PLAINTEXT://localhost:0
	log.cleaner.backoff.ms = 15000
	log.cleaner.dedupe.buffer.size = 2097152
	log.cleaner.delete.retention.ms = 86400000
	log.cleaner.enable = true
	log.cleaner.io.buffer.load.factor = 0.9
	log.cleaner.io.buffer.size = 524288
	log.cleaner.io.max.bytes.per.second = 1.7976931348623157E308
	log.cleaner.max.compaction.lag.ms = 9223372036854775807
	log.cleaner.min.cleanable.ratio = 0.5
	log.cleaner.min.compaction.lag.ms = 0
	log.cleaner.threads = 1
	log.cleanup.policy = [delete]
	log.dir = /tmp/spring.kafka.7a839423-42ea-4b8a-8186-02306253f82c5701385331364192802
	log.dir.failure.timeout.ms = 30000
	log.dirs = null
	log.flush.interval.messages = 9223372036854775807
	log.flush.interval.ms = null
	log.flush.offset.checkpoint.interval.ms = 60000
	log.flush.scheduler.interval.ms = 9223372036854775807
	log.flush.start.offset.checkpoint.interval.ms = 60000
	log.index.interval.bytes = 4096
	log.index.size.max.bytes = 10485760
	log.initial.task.delay.ms = 30000
	log.local.retention.bytes = -2
	log.local.retention.ms = -2
	log.message.downconversion.enable = true
	log.message.format.version = 3.0-IV1
	log.message.timestamp.after.max.ms = 9223372036854775807
	log.message.timestamp.before.max.ms = 9223372036854775807
	log.message.timestamp.difference.max.ms = 9223372036854775807
	log.message.timestamp.type = CreateTime
	log.preallocate = false
	log.retention.bytes = -1
	log.retention.check.interval.ms = 300000
	log.retention.hours = 168
	log.retention.minutes = null
	log.retention.ms = null
	log.roll.hours = 168
	log.roll.jitter.hours = 0
	log.roll.jitter.ms = null
	log.roll.ms = null
	log.segment.bytes = 1073741824
	log.segment.delete.delay.ms = 1000
	max.connection.creation.rate = 2147483647
	max.connections = 2147483647
	max.connections.per.ip = 2147483647
	max.connections.per.ip.overrides = 
	max.incremental.fetch.session.cache.slots = 1000
	max.request.partition.size.limit = 2000
	message.max.bytes = 1048588
	metadata.log.dir = null
	metadata.log.max.record.bytes.between.snapshots = 20971520
	metadata.log.max.snapshot.interval.ms = 3600000
	metadata.log.segment.bytes = 1073741824
	metadata.log.segment.min.bytes = 8388608
	metadata.log.segment.ms = 604800000
	metadata.max.idle.interval.ms = 500
	metadata.max.retention.bytes = 104857600
	metadata.max.retention.ms = 604800000
	metric.reporters = []
	metrics.num.samples = 2
	metrics.recording.level = INFO
	metrics.sample.window.ms = 30000
	min.insync.replicas = 1
	node.id = 0
	num.io.threads = 8
	num.network.threads = 2
	num.partitions = 3
	num.recovery.threads.per.data.dir = 1
	num.replica.alter.log.dirs.threads = null
	num.replica.fetchers = 1
	offset.metadata.max.bytes = 4096
	offsets.commit.required.acks = -1
	offsets.commit.timeout.ms = 5000
	offsets.load.buffer.size = 5242880
	offsets.retention.check.interval.ms = 600000
	offsets.retention.minutes = 10080
	offsets.topic.compression.codec = 0
	offsets.topic.num.partitions = 5
	offsets.topic.replication.factor = 1
	offsets.topic.segment.bytes = 104857600
	password.encoder.cipher.algorithm = AES/CBC/PKCS5Padding
	password.encoder.iterations = 4096
	password.encoder.key.length = 128
	password.encoder.keyfactory.algorithm = null
	password.encoder.old.secret = null
	password.encoder.secret = null
	principal.builder.class = class org.apache.kafka.common.security.authenticator.DefaultKafkaPrincipalBuilder
	process.roles = []
	producer.id.expiration.check.interval.ms = 600000
	producer.id.expiration.ms = 86400000
	producer.purgatory.purge.interval.requests = 1000
	queued.max.request.bytes = -1
	queued.max.requests = 500
	quota.window.num = 11
	quota.window.size.seconds = 1
	remote.fetch.max.wait.ms = 500
	remote.log.index.file.cache.total.size.bytes = 1073741824
	remote.log.manager.copier.thread.pool.size = 10
	remote.log.manager.copy.max.bytes.per.second = 9223372036854775807
	remote.log.manager.copy.quota.window.num = 11
	remote.log.manager.copy.quota.window.size.seconds = 1
	remote.log.manager.expiration.thread.pool.size = 10
	remote.log.manager.fetch.max.bytes.per.second = 9223372036854775807
	remote.log.manager.fetch.quota.window.num = 11
	remote.log.manager.fetch.quota.window.size.seconds = 1
	remote.log.manager.task.interval.ms = 30000
	remote.log.manager.task.retry.backoff.max.ms = 30000
	remote.log.manager.task.retry.backoff.ms = 500
	remote.log.manager.task.retry.jitter = 0.2
	remote.log.manager.thread.pool.size = 10
	remote.log.metadata.custom.metadata.max.bytes = 128
	remote.log.metadata.manager.class.name = org.apache.kafka.server.log.remote.metadata.storage.TopicBasedRemoteLogMetadataManager
	remote.log.metadata.manager.class.path = null
	remote.log.metadata.manager.impl.prefix = rlmm.config.
	remote.log.metadata.manager.listener.name = null
	remote.log.reader.max.pending.tasks = 100
	remote.log.reader.threads = 10
	remote.log.storage.manager.class.name = null
	remote.log.storage.manager.class.path = null
	remote.log.storage.manager.impl.prefix = rsm.config.
	remote.log.storage.system.enable = false
	replica.fetch.backoff.ms = 1000
	replica.fetch.max.bytes = 1048576
	replica.fetch.min.bytes = 1
	replica.fetch.response.max.bytes = 10485760
	replica.fetch.wait.max.ms = 500
	replica.high.watermark.checkpoint.interval.ms = 9223372036854775807
	replica.lag.time.max.ms = 30000
	replica.selector.class = null
	replica.socket.receive.buffer.bytes = 65536
	replica.socket.timeout.ms = 1000
	replication.quota.window.num = 11
	replication.quota.window.size.seconds = 1
	request.timeout.ms = 30000
	reserved.broker.max.id = 1000
	sasl.client.callback.handler.class = null
	sasl.enabled.mechanisms = [GSSAPI]
	sasl.jaas.config = null
	sasl.kerberos.kinit.cmd = /usr/bin/kinit
	sasl.kerberos.min.time.before.relogin = 60000
	sasl.kerberos.principal.to.local.rules = [DEFAULT]
	sasl.kerberos.service.name = null
	sasl.kerberos.ticket.renew.jitter = 0.05
	sasl.kerberos.ticket.renew.window.factor = 0.8
	sasl.login.callback.handler.class = null
	sasl.login.class = null
	sasl.login.connect.timeout.ms = null
	sasl.login.read.timeout.ms = null
	sasl.login.refresh.buffer.seconds = 300
	sasl.login.refresh.min.period.seconds = 60
	sasl.login.refresh.window.factor = 0.8
	sasl.login.refresh.window.jitter = 0.05
	sasl.login.retry.backoff.max.ms = 10000
	sasl.login.retry.backoff.ms = 100
	sasl.mechanism.controller.protocol = GSSAPI
	sasl.mechanism.inter.broker.protocol = GSSAPI
	sasl.oauthbearer.clock.skew.seconds = 30
	sasl.oauthbearer.expected.audience = null
	sasl.oauthbearer.expected.issuer = null
	sasl.oauthbearer.jwks.endpoint.refresh.ms = 3600000
	sasl.oauthbearer.jwks.endpoint.retry.backoff.max.ms = 10000
	sasl.oauthbearer.jwks.endpoint.retry.backoff.ms = 100
	sasl.oauthbearer.jwks.endpoint.url = null
	sasl.oauthbearer.scope.claim.name = scope
	sasl.oauthbearer.sub.claim.name = sub
	sasl.oauthbearer.token.endpoint.url = null
	sasl.server.callback.handler.class = null
	sasl.server.max.receive.size = 524288
	security.inter.broker.protocol = PLAINTEXT
	security.providers = null
	server.max.startup.time.ms = 9223372036854775807
	socket.connection.setup.timeout.max.ms = 30000
	socket.connection.setup.timeout.ms = 10000
	socket.listen.backlog.size = 50
	socket.receive.buffer.bytes = 102400
	socket.request.max.bytes = 104857600
	socket.send.buffer.bytes = 102400
	ssl.allow.dn.changes = false
	ssl.allow.san.changes = false
	ssl.cipher.suites = []
	ssl.client.auth = none
	ssl.enabled.protocols = [TLSv1.2, TLSv1.3]
	ssl.endpoint.identification.algorithm = https
	ssl.engine.factory.class = null
	ssl.key.password = null
	ssl.keymanager.algorithm = SunX509
	ssl.keystore.certificate.chain = null
	ssl.keystore.key = null
	ssl.keystore.location = null
	ssl.keystore.password = null
	ssl.keystore.type = JKS
	ssl.principal.mapping.rules = DEFAULT
	ssl.protocol = TLSv1.3
	ssl.provider = null
	ssl.secure.random.implementation = null
	ssl.trustmanager.algorithm = PKIX
	ssl.truststore.certificates = null
	ssl.truststore.location = null
	ssl.truststore.password = null
	ssl.truststore.type = JKS
	telemetry.max.bytes = 1048576
	transaction.abort.timed.out.transaction.cleanup.interval.ms = 10000
	transaction.max.timeout.ms = 900000
	transaction.partition.verification.enable = true
	transaction.remove.expired.transaction.cleanup.interval.ms = 3600000
	transaction.state.log.load.buffer.size = 5242880
	transaction.state.log.min.isr = 2
	transaction.state.log.num.partitions = 50
	transaction.state.log.replication.factor = 3
	transaction.state.log.segment.bytes = 104857600
	transactional.id.expiration.ms = 604800000
	unclean.leader.election.enable = false
	unstable.api.versions.enable = false
	unstable.feature.versions.enable = true
	zookeeper.clientCnxnSocket = null
	zookeeper.connect = 127.0.0.1:41261
	zookeeper.connection.timeout.ms = 10000
	zookeeper.max.in.flight.requests = 10
	zookeeper.metadata.migration.enable = false
	zookeeper.metadata.migration.min.batch.size = 200
	zookeeper.session.timeout.ms = 18000
	zookeeper.set.acl = false
	zookeeper.ssl.cipher.suites = null
	zookeeper.ssl.client.enable = false
	zookeeper.ssl.crl.enable = false
	zookeeper.ssl.enabled.protocols = null
	zookeeper.ssl.endpoint.identification.algorithm = HTTPS
	zookeeper.ssl.keystore.location = null
	zookeeper.ssl.keystore.password = null
	zookeeper.ssl.keystore.type = null
	zookeeper.ssl.ocsp.enable = false
	zookeeper.ssl.protocol = TLSv1.2
	zookeeper.ssl.truststore.location = null
	zookeeper.ssl.truststore.password = null
	zookeeper.ssl.truststore.type = null

2025-02-16T19:29:56.009+01:00  INFO 61283 --- [products-microservice] [           main] org.apache.zookeeper.common.X509Util     : Setting -D jdk.tls.rejectClientInitiatedRenegotiation=true to disable client-initiated TLS renegotiation
2025-02-16T19:29:56.011+01:00  INFO 61283 --- [products-microservice] [           main] o.a.k.s.l.r.s.RemoteLogManagerConfig     : RemoteLogManagerConfig values: 
	log.local.retention.bytes = -2
	log.local.retention.ms = -2
	remote.fetch.max.wait.ms = 500
	remote.log.index.file.cache.total.size.bytes = 1073741824
	remote.log.manager.copier.thread.pool.size = 10
	remote.log.manager.copy.max.bytes.per.second = 9223372036854775807
	remote.log.manager.copy.quota.window.num = 11
	remote.log.manager.copy.quota.window.size.seconds = 1
	remote.log.manager.expiration.thread.pool.size = 10
	remote.log.manager.fetch.max.bytes.per.second = 9223372036854775807
	remote.log.manager.fetch.quota.window.num = 11
	remote.log.manager.fetch.quota.window.size.seconds = 1
	remote.log.manager.task.interval.ms = 30000
	remote.log.manager.task.retry.backoff.max.ms = 30000
	remote.log.manager.task.retry.backoff.ms = 500
	remote.log.manager.task.retry.jitter = 0.2
	remote.log.manager.thread.pool.size = 10
	remote.log.metadata.custom.metadata.max.bytes = 128
	remote.log.metadata.manager.class.name = org.apache.kafka.server.log.remote.metadata.storage.TopicBasedRemoteLogMetadataManager
	remote.log.metadata.manager.class.path = null
	remote.log.metadata.manager.impl.prefix = rlmm.config.
	remote.log.metadata.manager.listener.name = null
	remote.log.reader.max.pending.tasks = 100
	remote.log.reader.threads = 10
	remote.log.storage.manager.class.name = null
	remote.log.storage.manager.class.path = null
	remote.log.storage.manager.impl.prefix = rsm.config.
	remote.log.storage.system.enable = false

2025-02-16T19:29:56.109+01:00  INFO 61283 --- [products-microservice] [           main] kafka.server.KafkaServer                 : starting
2025-02-16T19:29:56.109+01:00  INFO 61283 --- [products-microservice] [           main] kafka.server.KafkaServer                 : Connecting to zookeeper on 127.0.0.1:41261
2025-02-16T19:29:56.120+01:00  INFO 61283 --- [products-microservice] [           main] kafka.zookeeper.ZooKeeperClient          : [ZooKeeperClient Kafka server] Initializing a new session to 127.0.0.1:41261.
2025-02-16T19:29:56.126+01:00  INFO 61283 --- [products-microservice] [           main] org.apache.zookeeper.ZooKeeper           : Client environment:zookeeper.version=3.8.4-9316c2a7a97e1666d8f4593f34dd6fc36ecc436c, built on 2024-02-12 22:16 UTC
2025-02-16T19:29:56.127+01:00  INFO 61283 --- [products-microservice] [           main] org.apache.zookeeper.ZooKeeper           : Client environment:host.name=lei
2025-02-16T19:29:56.127+01:00  INFO 61283 --- [products-microservice] [           main] org.apache.zookeeper.ZooKeeper           : Client environment:java.version=21.0.6
2025-02-16T19:29:56.127+01:00  INFO 61283 --- [products-microservice] [           main] org.apache.zookeeper.ZooKeeper           : Client environment:java.vendor=Amazon.com Inc.
2025-02-16T19:29:56.127+01:00  INFO 61283 --- [products-microservice] [           main] org.apache.zookeeper.ZooKeeper           : Client environment:java.home=/home/lei/.jdks/corretto-21.0.6
2025-02-16T19:29:56.127+01:00  INFO 61283 --- [products-microservice] [           main] org.apache.zookeeper.ZooKeeper           : Client environment:java.class.path=/home/lei/dev/kafka-beginners/products-microservice/target/test-classes:/home/lei/dev/kafka-beginners/products-microservice/target/classes:/home/lei/.m2/repository/com/example/core/0.0.1-SNAPSHOT/core-0.0.1-SNAPSHOT.jar:/home/lei/.m2/repository/org/projectlombok/lombok/1.18.36/lombok-1.18.36.jar:/home/lei/.m2/repository/org/springframework/boot/spring-boot-starter-web/3.4.1/spring-boot-starter-web-3.4.1.jar:/home/lei/.m2/repository/org/springframework/boot/spring-boot-starter/3.4.1/spring-boot-starter-3.4.1.jar:/home/lei/.m2/repository/org/springframework/boot/spring-boot/3.4.1/spring-boot-3.4.1.jar:/home/lei/.m2/repository/org/springframework/boot/spring-boot-autoconfigure/3.4.1/spring-boot-autoconfigure-3.4.1.jar:/home/lei/.m2/repository/org/springframework/boot/spring-boot-starter-logging/3.4.1/spring-boot-starter-logging-3.4.1.jar:/home/lei/.m2/repository/org/apache/logging/log4j/log4j-to-slf4j/2.24.3/log4j-to-slf4j-2.24.3.jar:/home/lei/.m2/repository/org/apache/logging/log4j/log4j-api/2.24.3/log4j-api-2.24.3.jar:/home/lei/.m2/repository/org/slf4j/jul-to-slf4j/2.0.16/jul-to-slf4j-2.0.16.jar:/home/lei/.m2/repository/jakarta/annotation/jakarta.annotation-api/2.1.1/jakarta.annotation-api-2.1.1.jar:/home/lei/.m2/repository/org/yaml/snakeyaml/2.3/snakeyaml-2.3.jar:/home/lei/.m2/repository/org/springframework/boot/spring-boot-starter-json/3.4.1/spring-boot-starter-json-3.4.1.jar:/home/lei/.m2/repository/com/fasterxml/jackson/core/jackson-databind/2.18.2/jackson-databind-2.18.2.jar:/home/lei/.m2/repository/com/fasterxml/jackson/core/jackson-annotations/2.18.2/jackson-annotations-2.18.2.jar:/home/lei/.m2/repository/com/fasterxml/jackson/core/jackson-core/2.18.2/jackson-core-2.18.2.jar:/home/lei/.m2/repository/com/fasterxml/jackson/datatype/jackson-datatype-jdk8/2.18.2/jackson-datatype-jdk8-2.18.2.jar:/home/lei/.m2/repository/com/fasterxml/jackson/datatype/jackson-datatype-jsr310/2.18.2/jackson-datatype-jsr310-2.18.2.jar:/home/lei/.m2/repository/com/fasterxml/jackson/module/jackson-module-parameter-names/2.18.2/jackson-module-parameter-names-2.18.2.jar:/home/lei/.m2/repository/org/springframework/boot/spring-boot-starter-tomcat/3.4.1/spring-boot-starter-tomcat-3.4.1.jar:/home/lei/.m2/repository/org/apache/tomcat/embed/tomcat-embed-core/10.1.34/tomcat-embed-core-10.1.34.jar:/home/lei/.m2/repository/org/apache/tomcat/embed/tomcat-embed-el/10.1.34/tomcat-embed-el-10.1.34.jar:/home/lei/.m2/repository/org/apache/tomcat/embed/tomcat-embed-websocket/10.1.34/tomcat-embed-websocket-10.1.34.jar:/home/lei/.m2/repository/org/springframework/spring-web/6.2.1/spring-web-6.2.1.jar:/home/lei/.m2/repository/org/springframework/spring-beans/6.2.1/spring-beans-6.2.1.jar:/home/lei/.m2/repository/org/springframework/spring-webmvc/6.2.1/spring-webmvc-6.2.1.jar:/home/lei/.m2/repository/org/springframework/spring-aop/6.2.1/spring-aop-6.2.1.jar:/home/lei/.m2/repository/org/springframework/spring-expression/6.2.1/spring-expression-6.2.1.jar:/home/lei/.m2/repository/org/springframework/kafka/spring-kafka/3.3.1/spring-kafka-3.3.1.jar:/home/lei/.m2/repository/org/springframework/spring-context/6.2.1/spring-context-6.2.1.jar:/home/lei/.m2/repository/org/springframework/spring-messaging/6.2.1/spring-messaging-6.2.1.jar:/home/lei/.m2/repository/org/springframework/spring-tx/6.2.1/spring-tx-6.2.1.jar:/home/lei/.m2/repository/org/springframework/retry/spring-retry/2.0.11/spring-retry-2.0.11.jar:/home/lei/.m2/repository/org/apache/kafka/kafka-clients/3.8.1/kafka-clients-3.8.1.jar:/home/lei/.m2/repository/com/github/luben/zstd-jni/1.5.6-4/zstd-jni-1.5.6-4.jar:/home/lei/.m2/repository/org/lz4/lz4-java/1.8.0/lz4-java-1.8.0.jar:/home/lei/.m2/repository/org/xerial/snappy/snappy-java/1.1.10.5/snappy-java-1.1.10.5.jar:/home/lei/.m2/repository/org/slf4j/slf4j-api/2.0.16/slf4j-api-2.0.16.jar:/home/lei/.m2/repository/io/micrometer/micrometer-observation/1.14.2/micrometer-observation-1.14.2.jar:/home/lei/.m2/repository/io/micrometer/micrometer-commons/1.14.2/micrometer-commons-1.14.2.jar:/home/lei/.m2/repository/org/springframework/boot/spring-boot-starter-test/3.4.1/spring-boot-starter-test-3.4.1.jar:/home/lei/.m2/repository/org/springframework/boot/spring-boot-test/3.4.1/spring-boot-test-3.4.1.jar:/home/lei/.m2/repository/org/springframework/boot/spring-boot-test-autoconfigure/3.4.1/spring-boot-test-autoconfigure-3.4.1.jar:/home/lei/.m2/repository/com/jayway/jsonpath/json-path/2.9.0/json-path-2.9.0.jar:/home/lei/.m2/repository/jakarta/xml/bind/jakarta.xml.bind-api/4.0.2/jakarta.xml.bind-api-4.0.2.jar:/home/lei/.m2/repository/jakarta/activation/jakarta.activation-api/2.1.3/jakarta.activation-api-2.1.3.jar:/home/lei/.m2/repository/net/minidev/json-smart/2.5.1/json-smart-2.5.1.jar:/home/lei/.m2/repository/net/minidev/accessors-smart/2.5.1/accessors-smart-2.5.1.jar:/home/lei/.m2/repository/org/ow2/asm/asm/9.6/asm-9.6.jar:/home/lei/.m2/repository/org/assertj/assertj-core/3.26.3/assertj-core-3.26.3.jar:/home/lei/.m2/repository/net/bytebuddy/byte-buddy/1.15.11/byte-buddy-1.15.11.jar:/home/lei/.m2/repository/org/awaitility/awaitility/4.2.2/awaitility-4.2.2.jar:/home/lei/.m2/repository/org/hamcrest/hamcrest/2.2/hamcrest-2.2.jar:/home/lei/.m2/repository/org/junit/jupiter/junit-jupiter/5.11.4/junit-jupiter-5.11.4.jar:/home/lei/.m2/repository/org/junit/jupiter/junit-jupiter-params/5.11.4/junit-jupiter-params-5.11.4.jar:/home/lei/.m2/repository/org/junit/jupiter/junit-jupiter-engine/5.11.4/junit-jupiter-engine-5.11.4.jar:/home/lei/.m2/repository/org/mockito/mockito-core/5.14.2/mockito-core-5.14.2.jar:/home/lei/.m2/repository/net/bytebuddy/byte-buddy-agent/1.15.11/byte-buddy-agent-1.15.11.jar:/home/lei/.m2/repository/org/objenesis/objenesis/3.3/objenesis-3.3.jar:/home/lei/.m2/repository/org/mockito/mockito-junit-jupiter/5.14.2/mockito-junit-jupiter-5.14.2.jar:/home/lei/.m2/repository/org/skyscreamer/jsonassert/1.5.3/jsonassert-1.5.3.jar:/home/lei/.m2/repository/com/vaadin/external/google/android-json/0.0.20131108.vaadin1/android-json-0.0.20131108.vaadin1.jar:/home/lei/.m2/repository/org/springframework/spring-core/6.2.1/spring-core-6.2.1.jar:/home/lei/.m2/repository/org/springframework/spring-jcl/6.2.1/spring-jcl-6.2.1.jar:/home/lei/.m2/repository/org/springframework/spring-test/6.2.1/spring-test-6.2.1.jar:/home/lei/.m2/repository/org/xmlunit/xmlunit-core/2.10.0/xmlunit-core-2.10.0.jar:/home/lei/.m2/repository/org/springframework/kafka/spring-kafka-test/3.3.1/spring-kafka-test-3.3.1.jar:/home/lei/.m2/repository/org/apache/zookeeper/zookeeper/3.8.4/zookeeper-3.8.4.jar:/home/lei/.m2/repository/org/apache/zookeeper/zookeeper-jute/3.8.4/zookeeper-jute-3.8.4.jar:/home/lei/.m2/repository/org/apache/yetus/audience-annotations/0.12.0/audience-annotations-0.12.0.jar:/home/lei/.m2/repository/io/netty/netty-handler/4.1.116.Final/netty-handler-4.1.116.Final.jar:/home/lei/.m2/repository/io/netty/netty-common/4.1.116.Final/netty-common-4.1.116.Final.jar:/home/lei/.m2/repository/io/netty/netty-resolver/4.1.116.Final/netty-resolver-4.1.116.Final.jar:/home/lei/.m2/repository/io/netty/netty-buffer/4.1.116.Final/netty-buffer-4.1.116.Final.jar:/home/lei/.m2/repository/io/netty/netty-transport/4.1.116.Final/netty-transport-4.1.116.Final.jar:/home/lei/.m2/repository/io/netty/netty-transport-native-unix-common/4.1.116.Final/netty-transport-native-unix-common-4.1.116.Final.jar:/home/lei/.m2/repository/io/netty/netty-codec/4.1.116.Final/netty-codec-4.1.116.Final.jar:/home/lei/.m2/repository/io/netty/netty-transport-native-epoll/4.1.116.Final/netty-transport-native-epoll-4.1.116.Final.jar:/home/lei/.m2/repository/io/netty/netty-transport-classes-epoll/4.1.116.Final/netty-transport-classes-epoll-4.1.116.Final.jar:/home/lei/.m2/repository/ch/qos/logback/logback-core/1.5.12/logback-core-1.5.12.jar:/home/lei/.m2/repository/ch/qos/logback/logback-classic/1.5.12/logback-classic-1.5.12.jar:/home/lei/.m2/repository/commons-io/commons-io/2.11.0/commons-io-2.11.0.jar:/home/lei/.m2/repository/org/apache/kafka/kafka-clients/3.8.1/kafka-clients-3.8.1-test.jar:/home/lei/.m2/repository/org/apache/kafka/kafka-server/3.8.1/kafka-server-3.8.1.jar:/home/lei/.m2/repository/org/apache/kafka/kafka-group-coordinator/3.8.1/kafka-group-coordinator-3.8.1.jar:/home/lei/.m2/repository/org/apache/kafka/kafka-transaction-coordinator/3.8.1/kafka-transaction-coordinator-3.8.1.jar:/home/lei/.m2/repository/org/apache/kafka/kafka-raft/3.8.1/kafka-raft-3.8.1.jar:/home/lei/.m2/repository/com/yammer/metrics/metrics-core/2.2.0/metrics-core-2.2.0.jar:/home/lei/.m2/repository/org/apache/kafka/kafka-metadata/3.8.1/kafka-metadata-3.8.1.jar:/home/lei/.m2/repository/org/apache/kafka/kafka-server-common/3.8.1/kafka-server-common-3.8.1.jar:/home/lei/.m2/repository/net/sf/jopt-simple/jopt-simple/5.0.4/jopt-simple-5.0.4.jar:/home/lei/.m2/repository/org/pcollections/pcollections/4.0.1/pcollections-4.0.1.jar:/home/lei/.m2/repository/org/apache/kafka/kafka-server-common/3.8.1/kafka-server-common-3.8.1-test.jar:/home/lei/.m2/repository/org/apache/kafka/kafka-streams-test-utils/3.8.1/kafka-streams-test-utils-3.8.1.jar:/home/lei/.m2/repository/org/apache/kafka/kafka-streams/3.8.1/kafka-streams-3.8.1.jar:/home/lei/.m2/repository/org/rocksdb/rocksdbjni/7.9.2/rocksdbjni-7.9.2.jar:/home/lei/.m2/repository/org/apache/kafka/kafka_2.13/3.8.1/kafka_2.13-3.8.1.jar:/home/lei/.m2/repository/org/scala-lang/scala-library/2.13.14/scala-library-2.13.14.jar:/home/lei/.m2/repository/org/apache/kafka/kafka-group-coordinator-api/3.8.1/kafka-group-coordinator-api-3.8.1.jar:/home/lei/.m2/repository/org/apache/kafka/kafka-storage-api/3.8.1/kafka-storage-api-3.8.1.jar:/home/lei/.m2/repository/org/apache/kafka/kafka-tools-api/3.8.1/kafka-tools-api-3.8.1.jar:/home/lei/.m2/repository/org/apache/kafka/kafka-storage/3.8.1/kafka-storage-3.8.1.jar:/home/lei/.m2/repository/com/github/ben-manes/caffeine/caffeine/3.1.8/caffeine-3.1.8.jar:/home/lei/.m2/repository/org/checkerframework/checker-qual/3.37.0/checker-qual-3.37.0.jar:/home/lei/.m2/repository/com/google/errorprone/error_prone_annotations/2.21.1/error_prone_annotations-2.21.1.jar:/home/lei/.m2/repository/net/sourceforge/argparse4j/argparse4j/0.7.0/argparse4j-0.7.0.jar:/home/lei/.m2/repository/commons-validator/commons-validator/1.7/commons-validator-1.7.jar:/home/lei/.m2/repository/commons-beanutils/commons-beanutils/1.9.4/commons-beanutils-1.9.4.jar:/home/lei/.m2/repository/commons-digester/commons-digester/2.1/commons-digester-2.1.jar:/home/lei/.m2/repository/commons-collections/commons-collections/3.2.2/commons-collections-3.2.2.jar:/home/lei/.m2/repository/com/fasterxml/jackson/module/jackson-module-scala_2.13/2.18.2/jackson-module-scala_2.13-2.18.2.jar:/home/lei/.m2/repository/com/thoughtworks/paranamer/paranamer/2.8/paranamer-2.8.jar:/home/lei/.m2/repository/com/fasterxml/jackson/dataformat/jackson-dataformat-csv/2.18.2/jackson-dataformat-csv-2.18.2.jar:/home/lei/.m2/repository/org/bitbucket/b_c/jose4j/0.9.4/jose4j-0.9.4.jar:/home/lei/.m2/repository/org/scala-lang/modules/scala-collection-compat_2.13/2.10.0/scala-collection-compat_2.13-2.10.0.jar:/home/lei/.m2/repository/org/scala-lang/modules/scala-java8-compat_2.13/1.0.2/scala-java8-compat_2.13-1.0.2.jar:/home/lei/.m2/repository/org/scala-lang/scala-reflect/2.13.14/scala-reflect-2.13.14.jar:/home/lei/.m2/repository/com/typesafe/scala-logging/scala-logging_2.13/3.9.4/scala-logging_2.13-3.9.4.jar:/home/lei/.m2/repository/io/dropwizard/metrics/metrics-core/4.1.12.1/metrics-core-4.1.12.1.jar:/home/lei/.m2/repository/commons-cli/commons-cli/1.4/commons-cli-1.4.jar:/home/lei/.m2/repository/org/apache/kafka/kafka_2.13/3.8.1/kafka_2.13-3.8.1-test.jar:/home/lei/.m2/repository/org/junit/jupiter/junit-jupiter-api/5.11.4/junit-jupiter-api-5.11.4.jar:/home/lei/.m2/repository/org/opentest4j/opentest4j/1.3.0/opentest4j-1.3.0.jar:/home/lei/.m2/repository/org/junit/platform/junit-platform-commons/1.11.4/junit-platform-commons-1.11.4.jar:/home/lei/.m2/repository/org/junit/platform/junit-platform-launcher/1.11.4/junit-platform-launcher-1.11.4.jar:/home/lei/.m2/repository/org/junit/platform/junit-platform-engine/1.11.4/junit-platform-engine-1.11.4.jar:/home/lei/.m2/repository/org/apiguardian/apiguardian-api/1.1.2/apiguardian-api-1.1.2.jar:
2025-02-16T19:29:56.129+01:00  INFO 61283 --- [products-microservice] [           main] org.apache.zookeeper.ZooKeeper           : Client environment:java.library.path=/usr/java/packages/lib:/usr/lib64:/lib64:/lib:/usr/lib
2025-02-16T19:29:56.129+01:00  INFO 61283 --- [products-microservice] [           main] org.apache.zookeeper.ZooKeeper           : Client environment:java.io.tmpdir=/tmp
2025-02-16T19:29:56.129+01:00  INFO 61283 --- [products-microservice] [           main] org.apache.zookeeper.ZooKeeper           : Client environment:java.compiler=<NA>
2025-02-16T19:29:56.129+01:00  INFO 61283 --- [products-microservice] [           main] org.apache.zookeeper.ZooKeeper           : Client environment:os.name=Linux
2025-02-16T19:29:56.129+01:00  INFO 61283 --- [products-microservice] [           main] org.apache.zookeeper.ZooKeeper           : Client environment:os.arch=amd64
2025-02-16T19:29:56.129+01:00  INFO 61283 --- [products-microservice] [           main] org.apache.zookeeper.ZooKeeper           : Client environment:os.version=6.13.2-arch1-1
2025-02-16T19:29:56.129+01:00  INFO 61283 --- [products-microservice] [           main] org.apache.zookeeper.ZooKeeper           : Client environment:user.name=lei
2025-02-16T19:29:56.129+01:00  INFO 61283 --- [products-microservice] [           main] org.apache.zookeeper.ZooKeeper           : Client environment:user.home=/home/lei
2025-02-16T19:29:56.130+01:00  INFO 61283 --- [products-microservice] [           main] org.apache.zookeeper.ZooKeeper           : Client environment:user.dir=/home/lei/dev/kafka-beginners/products-microservice
2025-02-16T19:29:56.130+01:00  INFO 61283 --- [products-microservice] [           main] org.apache.zookeeper.ZooKeeper           : Client environment:os.memory.free=8MB
2025-02-16T19:29:56.130+01:00  INFO 61283 --- [products-microservice] [           main] org.apache.zookeeper.ZooKeeper           : Client environment:os.memory.max=5956MB
2025-02-16T19:29:56.130+01:00  INFO 61283 --- [products-microservice] [           main] org.apache.zookeeper.ZooKeeper           : Client environment:os.memory.total=68MB
2025-02-16T19:29:56.132+01:00  INFO 61283 --- [products-microservice] [           main] org.apache.zookeeper.ZooKeeper           : Initiating client connection, connectString=127.0.0.1:41261 sessionTimeout=18000 watcher=kafka.zookeeper.ZooKeeperClient$ZooKeeperClientWatcher$@7b306b9f
2025-02-16T19:29:56.134+01:00  INFO 61283 --- [products-microservice] [           main] org.apache.zookeeper.ClientCnxnSocket    : jute.maxbuffer value is 4194304 Bytes
2025-02-16T19:29:56.141+01:00  INFO 61283 --- [products-microservice] [           main] org.apache.zookeeper.ClientCnxn          : zookeeper.request.timeout value is 0. feature enabled=false
2025-02-16T19:29:56.142+01:00  INFO 61283 --- [products-microservice] [27.0.0.1:41261)] org.apache.zookeeper.ClientCnxn          : Opening socket connection to server /127.0.0.1:41261.
2025-02-16T19:29:56.142+01:00  INFO 61283 --- [products-microservice] [           main] kafka.zookeeper.ZooKeeperClient          : [ZooKeeperClient Kafka server] Waiting until connected.
2025-02-16T19:29:56.143+01:00  INFO 61283 --- [products-microservice] [27.0.0.1:41261)] org.apache.zookeeper.ClientCnxn          : Socket connection established, initiating session, client: /127.0.0.1:40218, server: /127.0.0.1:41261
2025-02-16T19:29:56.147+01:00  INFO 61283 --- [products-microservice] [   SyncThread:0] o.a.z.server.persistence.FileTxnLog      : Creating new log file: log.1
2025-02-16T19:29:56.150+01:00  INFO 61283 --- [products-microservice] [   SyncThread:0] o.a.zookeeper.audit.ZKAuditProvider      : ZooKeeper audit is disabled.
2025-02-16T19:29:56.154+01:00  INFO 61283 --- [products-microservice] [27.0.0.1:41261)] org.apache.zookeeper.ClientCnxn          : Session establishment complete on server /127.0.0.1:41261, session id = 0x100014d3e780000, negotiated timeout = 16000
2025-02-16T19:29:56.156+01:00  INFO 61283 --- [products-microservice] [           main] kafka.zookeeper.ZooKeeperClient          : [ZooKeeperClient Kafka server] Connected.
2025-02-16T19:29:56.255+01:00  INFO 61283 --- [products-microservice] [           main] kafka.server.KafkaServer                 : Cluster ID = OKTUnvGwR_qv4zbcGV5F_Q
2025-02-16T19:29:56.259+01:00  INFO 61283 --- [products-microservice] [           main] o.a.k.s.l.r.s.RemoteLogManagerConfig     : RemoteLogManagerConfig values: 
	log.local.retention.bytes = -2
	log.local.retention.ms = -2
	remote.fetch.max.wait.ms = 500
	remote.log.index.file.cache.total.size.bytes = 1073741824
	remote.log.manager.copier.thread.pool.size = 10
	remote.log.manager.copy.max.bytes.per.second = 9223372036854775807
	remote.log.manager.copy.quota.window.num = 11
	remote.log.manager.copy.quota.window.size.seconds = 1
	remote.log.manager.expiration.thread.pool.size = 10
	remote.log.manager.fetch.max.bytes.per.second = 9223372036854775807
	remote.log.manager.fetch.quota.window.num = 11
	remote.log.manager.fetch.quota.window.size.seconds = 1
	remote.log.manager.task.interval.ms = 30000
	remote.log.manager.task.retry.backoff.max.ms = 30000
	remote.log.manager.task.retry.backoff.ms = 500
	remote.log.manager.task.retry.jitter = 0.2
	remote.log.manager.thread.pool.size = 10
	remote.log.metadata.custom.metadata.max.bytes = 128
	remote.log.metadata.manager.class.name = org.apache.kafka.server.log.remote.metadata.storage.TopicBasedRemoteLogMetadataManager
	remote.log.metadata.manager.class.path = null
	remote.log.metadata.manager.impl.prefix = rlmm.config.
	remote.log.metadata.manager.listener.name = null
	remote.log.reader.max.pending.tasks = 100
	remote.log.reader.threads = 10
	remote.log.storage.manager.class.name = null
	remote.log.storage.manager.class.path = null
	remote.log.storage.manager.impl.prefix = rsm.config.
	remote.log.storage.system.enable = false

2025-02-16T19:29:56.283+01:00  INFO 61283 --- [products-microservice] [           main] o.a.k.s.l.r.s.RemoteLogManagerConfig     : RemoteLogManagerConfig values: 
	log.local.retention.bytes = -2
	log.local.retention.ms = -2
	remote.fetch.max.wait.ms = 500
	remote.log.index.file.cache.total.size.bytes = 1073741824
	remote.log.manager.copier.thread.pool.size = 10
	remote.log.manager.copy.max.bytes.per.second = 9223372036854775807
	remote.log.manager.copy.quota.window.num = 11
	remote.log.manager.copy.quota.window.size.seconds = 1
	remote.log.manager.expiration.thread.pool.size = 10
	remote.log.manager.fetch.max.bytes.per.second = 9223372036854775807
	remote.log.manager.fetch.quota.window.num = 11
	remote.log.manager.fetch.quota.window.size.seconds = 1
	remote.log.manager.task.interval.ms = 30000
	remote.log.manager.task.retry.backoff.max.ms = 30000
	remote.log.manager.task.retry.backoff.ms = 500
	remote.log.manager.task.retry.jitter = 0.2
	remote.log.manager.thread.pool.size = 10
	remote.log.metadata.custom.metadata.max.bytes = 128
	remote.log.metadata.manager.class.name = org.apache.kafka.server.log.remote.metadata.storage.TopicBasedRemoteLogMetadataManager
	remote.log.metadata.manager.class.path = null
	remote.log.metadata.manager.impl.prefix = rlmm.config.
	remote.log.metadata.manager.listener.name = null
	remote.log.reader.max.pending.tasks = 100
	remote.log.reader.threads = 10
	remote.log.storage.manager.class.name = null
	remote.log.storage.manager.class.path = null
	remote.log.storage.manager.impl.prefix = rsm.config.
	remote.log.storage.system.enable = false

2025-02-16T19:29:56.291+01:00  INFO 61283 --- [products-microservice] [           main] kafka.server.KafkaConfig                 : KafkaConfig values: 
	advertised.listeners = null
	alter.config.policy.class.name = null
	alter.log.dirs.replication.quota.window.num = 11
	alter.log.dirs.replication.quota.window.size.seconds = 1
	authorizer.class.name = 
	auto.create.topics.enable = true
	auto.include.jmx.reporter = true
	auto.leader.rebalance.enable = true
	background.threads = 2
	broker.heartbeat.interval.ms = 2000
	broker.id = 0
	broker.id.generation.enable = true
	broker.rack = null
	broker.session.timeout.ms = 9000
	client.quota.callback.class = null
	compression.gzip.level = -1
	compression.lz4.level = 9
	compression.type = producer
	compression.zstd.level = 3
	connection.failed.authentication.delay.ms = 100
	connections.max.idle.ms = 600000
	connections.max.reauth.ms = 0
	control.plane.listener.name = null
	controlled.shutdown.enable = true
	controlled.shutdown.max.retries = 3
	controlled.shutdown.retry.backoff.ms = 100
	controller.listener.names = null
	controller.quorum.append.linger.ms = 25
	controller.quorum.bootstrap.servers = []
	controller.quorum.election.backoff.max.ms = 1000
	controller.quorum.election.timeout.ms = 1000
	controller.quorum.fetch.timeout.ms = 2000
	controller.quorum.request.timeout.ms = 2000
	controller.quorum.retry.backoff.ms = 20
	controller.quorum.voters = []
	controller.quota.window.num = 11
	controller.quota.window.size.seconds = 1
	controller.socket.timeout.ms = 1000
	create.topic.policy.class.name = null
	default.replication.factor = 3
	delegation.token.expiry.check.interval.ms = 3600000
	delegation.token.expiry.time.ms = 86400000
	delegation.token.master.key = null
	delegation.token.max.lifetime.ms = 604800000
	delegation.token.secret.key = null
	delete.records.purgatory.purge.interval.requests = 1
	delete.topic.enable = true
	early.start.listeners = null
	eligible.leader.replicas.enable = false
	fetch.max.bytes = 57671680
	fetch.purgatory.purge.interval.requests = 1000
	group.consumer.assignors = [org.apache.kafka.coordinator.group.assignor.UniformAssignor, org.apache.kafka.coordinator.group.assignor.RangeAssignor]
	group.consumer.heartbeat.interval.ms = 5000
	group.consumer.max.heartbeat.interval.ms = 15000
	group.consumer.max.session.timeout.ms = 60000
	group.consumer.max.size = 2147483647
	group.consumer.migration.policy = disabled
	group.consumer.min.heartbeat.interval.ms = 5000
	group.consumer.min.session.timeout.ms = 45000
	group.consumer.session.timeout.ms = 45000
	group.coordinator.append.linger.ms = 10
	group.coordinator.new.enable = false
	group.coordinator.rebalance.protocols = [classic]
	group.coordinator.threads = 1
	group.initial.rebalance.delay.ms = 0
	group.max.session.timeout.ms = 1800000
	group.max.size = 2147483647
	group.min.session.timeout.ms = 6000
	initial.broker.registration.timeout.ms = 60000
	inter.broker.listener.name = null
	inter.broker.protocol.version = 3.8-IV0
	kafka.metrics.polling.interval.secs = 10
	kafka.metrics.reporters = []
	leader.imbalance.check.interval.seconds = 300
	leader.imbalance.per.broker.percentage = 10
	listener.security.protocol.map = SASL_SSL:SASL_SSL,PLAINTEXT:PLAINTEXT,SSL:SSL,SASL_PLAINTEXT:SASL_PLAINTEXT
	listeners = PLAINTEXT://localhost:0
	log.cleaner.backoff.ms = 15000
	log.cleaner.dedupe.buffer.size = 2097152
	log.cleaner.delete.retention.ms = 86400000
	log.cleaner.enable = true
	log.cleaner.io.buffer.load.factor = 0.9
	log.cleaner.io.buffer.size = 524288
	log.cleaner.io.max.bytes.per.second = 1.7976931348623157E308
	log.cleaner.max.compaction.lag.ms = 9223372036854775807
	log.cleaner.min.cleanable.ratio = 0.5
	log.cleaner.min.compaction.lag.ms = 0
	log.cleaner.threads = 1
	log.cleanup.policy = [delete]
	log.dir = /tmp/spring.kafka.7a839423-42ea-4b8a-8186-02306253f82c5701385331364192802
	log.dir.failure.timeout.ms = 30000
	log.dirs = null
	log.flush.interval.messages = 9223372036854775807
	log.flush.interval.ms = null
	log.flush.offset.checkpoint.interval.ms = 60000
	log.flush.scheduler.interval.ms = 9223372036854775807
	log.flush.start.offset.checkpoint.interval.ms = 60000
	log.index.interval.bytes = 4096
	log.index.size.max.bytes = 10485760
	log.initial.task.delay.ms = 30000
	log.local.retention.bytes = -2
	log.local.retention.ms = -2
	log.message.downconversion.enable = true
	log.message.format.version = 3.0-IV1
	log.message.timestamp.after.max.ms = 9223372036854775807
	log.message.timestamp.before.max.ms = 9223372036854775807
	log.message.timestamp.difference.max.ms = 9223372036854775807
	log.message.timestamp.type = CreateTime
	log.preallocate = false
	log.retention.bytes = -1
	log.retention.check.interval.ms = 300000
	log.retention.hours = 168
	log.retention.minutes = null
	log.retention.ms = null
	log.roll.hours = 168
	log.roll.jitter.hours = 0
	log.roll.jitter.ms = null
	log.roll.ms = null
	log.segment.bytes = 1073741824
	log.segment.delete.delay.ms = 1000
	max.connection.creation.rate = 2147483647
	max.connections = 2147483647
	max.connections.per.ip = 2147483647
	max.connections.per.ip.overrides = 
	max.incremental.fetch.session.cache.slots = 1000
	max.request.partition.size.limit = 2000
	message.max.bytes = 1048588
	metadata.log.dir = null
	metadata.log.max.record.bytes.between.snapshots = 20971520
	metadata.log.max.snapshot.interval.ms = 3600000
	metadata.log.segment.bytes = 1073741824
	metadata.log.segment.min.bytes = 8388608
	metadata.log.segment.ms = 604800000
	metadata.max.idle.interval.ms = 500
	metadata.max.retention.bytes = 104857600
	metadata.max.retention.ms = 604800000
	metric.reporters = []
	metrics.num.samples = 2
	metrics.recording.level = INFO
	metrics.sample.window.ms = 30000
	min.insync.replicas = 1
	node.id = 0
	num.io.threads = 8
	num.network.threads = 2
	num.partitions = 3
	num.recovery.threads.per.data.dir = 1
	num.replica.alter.log.dirs.threads = null
	num.replica.fetchers = 1
	offset.metadata.max.bytes = 4096
	offsets.commit.required.acks = -1
	offsets.commit.timeout.ms = 5000
	offsets.load.buffer.size = 5242880
	offsets.retention.check.interval.ms = 600000
	offsets.retention.minutes = 10080
	offsets.topic.compression.codec = 0
	offsets.topic.num.partitions = 5
	offsets.topic.replication.factor = 1
	offsets.topic.segment.bytes = 104857600
	password.encoder.cipher.algorithm = AES/CBC/PKCS5Padding
	password.encoder.iterations = 4096
	password.encoder.key.length = 128
	password.encoder.keyfactory.algorithm = null
	password.encoder.old.secret = null
	password.encoder.secret = null
	principal.builder.class = class org.apache.kafka.common.security.authenticator.DefaultKafkaPrincipalBuilder
	process.roles = []
	producer.id.expiration.check.interval.ms = 600000
	producer.id.expiration.ms = 86400000
	producer.purgatory.purge.interval.requests = 1000
	queued.max.request.bytes = -1
	queued.max.requests = 500
	quota.window.num = 11
	quota.window.size.seconds = 1
	remote.fetch.max.wait.ms = 500
	remote.log.index.file.cache.total.size.bytes = 1073741824
	remote.log.manager.copier.thread.pool.size = 10
	remote.log.manager.copy.max.bytes.per.second = 9223372036854775807
	remote.log.manager.copy.quota.window.num = 11
	remote.log.manager.copy.quota.window.size.seconds = 1
	remote.log.manager.expiration.thread.pool.size = 10
	remote.log.manager.fetch.max.bytes.per.second = 9223372036854775807
	remote.log.manager.fetch.quota.window.num = 11
	remote.log.manager.fetch.quota.window.size.seconds = 1
	remote.log.manager.task.interval.ms = 30000
	remote.log.manager.task.retry.backoff.max.ms = 30000
	remote.log.manager.task.retry.backoff.ms = 500
	remote.log.manager.task.retry.jitter = 0.2
	remote.log.manager.thread.pool.size = 10
	remote.log.metadata.custom.metadata.max.bytes = 128
	remote.log.metadata.manager.class.name = org.apache.kafka.server.log.remote.metadata.storage.TopicBasedRemoteLogMetadataManager
	remote.log.metadata.manager.class.path = null
	remote.log.metadata.manager.impl.prefix = rlmm.config.
	remote.log.metadata.manager.listener.name = null
	remote.log.reader.max.pending.tasks = 100
	remote.log.reader.threads = 10
	remote.log.storage.manager.class.name = null
	remote.log.storage.manager.class.path = null
	remote.log.storage.manager.impl.prefix = rsm.config.
	remote.log.storage.system.enable = false
	replica.fetch.backoff.ms = 1000
	replica.fetch.max.bytes = 1048576
	replica.fetch.min.bytes = 1
	replica.fetch.response.max.bytes = 10485760
	replica.fetch.wait.max.ms = 500
	replica.high.watermark.checkpoint.interval.ms = 9223372036854775807
	replica.lag.time.max.ms = 30000
	replica.selector.class = null
	replica.socket.receive.buffer.bytes = 65536
	replica.socket.timeout.ms = 1000
	replication.quota.window.num = 11
	replication.quota.window.size.seconds = 1
	request.timeout.ms = 30000
	reserved.broker.max.id = 1000
	sasl.client.callback.handler.class = null
	sasl.enabled.mechanisms = [GSSAPI]
	sasl.jaas.config = null
	sasl.kerberos.kinit.cmd = /usr/bin/kinit
	sasl.kerberos.min.time.before.relogin = 60000
	sasl.kerberos.principal.to.local.rules = [DEFAULT]
	sasl.kerberos.service.name = null
	sasl.kerberos.ticket.renew.jitter = 0.05
	sasl.kerberos.ticket.renew.window.factor = 0.8
	sasl.login.callback.handler.class = null
	sasl.login.class = null
	sasl.login.connect.timeout.ms = null
	sasl.login.read.timeout.ms = null
	sasl.login.refresh.buffer.seconds = 300
	sasl.login.refresh.min.period.seconds = 60
	sasl.login.refresh.window.factor = 0.8
	sasl.login.refresh.window.jitter = 0.05
	sasl.login.retry.backoff.max.ms = 10000
	sasl.login.retry.backoff.ms = 100
	sasl.mechanism.controller.protocol = GSSAPI
	sasl.mechanism.inter.broker.protocol = GSSAPI
	sasl.oauthbearer.clock.skew.seconds = 30
	sasl.oauthbearer.expected.audience = null
	sasl.oauthbearer.expected.issuer = null
	sasl.oauthbearer.jwks.endpoint.refresh.ms = 3600000
	sasl.oauthbearer.jwks.endpoint.retry.backoff.max.ms = 10000
	sasl.oauthbearer.jwks.endpoint.retry.backoff.ms = 100
	sasl.oauthbearer.jwks.endpoint.url = null
	sasl.oauthbearer.scope.claim.name = scope
	sasl.oauthbearer.sub.claim.name = sub
	sasl.oauthbearer.token.endpoint.url = null
	sasl.server.callback.handler.class = null
	sasl.server.max.receive.size = 524288
	security.inter.broker.protocol = PLAINTEXT
	security.providers = null
	server.max.startup.time.ms = 9223372036854775807
	socket.connection.setup.timeout.max.ms = 30000
	socket.connection.setup.timeout.ms = 10000
	socket.listen.backlog.size = 50
	socket.receive.buffer.bytes = 102400
	socket.request.max.bytes = 104857600
	socket.send.buffer.bytes = 102400
	ssl.allow.dn.changes = false
	ssl.allow.san.changes = false
	ssl.cipher.suites = []
	ssl.client.auth = none
	ssl.enabled.protocols = [TLSv1.2, TLSv1.3]
	ssl.endpoint.identification.algorithm = https
	ssl.engine.factory.class = null
	ssl.key.password = null
	ssl.keymanager.algorithm = SunX509
	ssl.keystore.certificate.chain = null
	ssl.keystore.key = null
	ssl.keystore.location = null
	ssl.keystore.password = null
	ssl.keystore.type = JKS
	ssl.principal.mapping.rules = DEFAULT
	ssl.protocol = TLSv1.3
	ssl.provider = null
	ssl.secure.random.implementation = null
	ssl.trustmanager.algorithm = PKIX
	ssl.truststore.certificates = null
	ssl.truststore.location = null
	ssl.truststore.password = null
	ssl.truststore.type = JKS
	telemetry.max.bytes = 1048576
	transaction.abort.timed.out.transaction.cleanup.interval.ms = 10000
	transaction.max.timeout.ms = 900000
	transaction.partition.verification.enable = true
	transaction.remove.expired.transaction.cleanup.interval.ms = 3600000
	transaction.state.log.load.buffer.size = 5242880
	transaction.state.log.min.isr = 2
	transaction.state.log.num.partitions = 50
	transaction.state.log.replication.factor = 3
	transaction.state.log.segment.bytes = 104857600
	transactional.id.expiration.ms = 604800000
	unclean.leader.election.enable = false
	unstable.api.versions.enable = false
	unstable.feature.versions.enable = true
	zookeeper.clientCnxnSocket = null
	zookeeper.connect = 127.0.0.1:41261
	zookeeper.connection.timeout.ms = 10000
	zookeeper.max.in.flight.requests = 10
	zookeeper.metadata.migration.enable = false
	zookeeper.metadata.migration.min.batch.size = 200
	zookeeper.session.timeout.ms = 18000
	zookeeper.set.acl = false
	zookeeper.ssl.cipher.suites = null
	zookeeper.ssl.client.enable = false
	zookeeper.ssl.crl.enable = false
	zookeeper.ssl.enabled.protocols = null
	zookeeper.ssl.endpoint.identification.algorithm = HTTPS
	zookeeper.ssl.keystore.location = null
	zookeeper.ssl.keystore.password = null
	zookeeper.ssl.keystore.type = null
	zookeeper.ssl.ocsp.enable = false
	zookeeper.ssl.protocol = TLSv1.2
	zookeeper.ssl.truststore.location = null
	zookeeper.ssl.truststore.password = null
	zookeeper.ssl.truststore.type = null

2025-02-16T19:29:56.292+01:00  INFO 61283 --- [products-microservice] [           main] o.a.k.s.l.r.s.RemoteLogManagerConfig     : RemoteLogManagerConfig values: 
	log.local.retention.bytes = -2
	log.local.retention.ms = -2
	remote.fetch.max.wait.ms = 500
	remote.log.index.file.cache.total.size.bytes = 1073741824
	remote.log.manager.copier.thread.pool.size = 10
	remote.log.manager.copy.max.bytes.per.second = 9223372036854775807
	remote.log.manager.copy.quota.window.num = 11
	remote.log.manager.copy.quota.window.size.seconds = 1
	remote.log.manager.expiration.thread.pool.size = 10
	remote.log.manager.fetch.max.bytes.per.second = 9223372036854775807
	remote.log.manager.fetch.quota.window.num = 11
	remote.log.manager.fetch.quota.window.size.seconds = 1
	remote.log.manager.task.interval.ms = 30000
	remote.log.manager.task.retry.backoff.max.ms = 30000
	remote.log.manager.task.retry.backoff.ms = 500
	remote.log.manager.task.retry.jitter = 0.2
	remote.log.manager.thread.pool.size = 10
	remote.log.metadata.custom.metadata.max.bytes = 128
	remote.log.metadata.manager.class.name = org.apache.kafka.server.log.remote.metadata.storage.TopicBasedRemoteLogMetadataManager
	remote.log.metadata.manager.class.path = null
	remote.log.metadata.manager.impl.prefix = rlmm.config.
	remote.log.metadata.manager.listener.name = null
	remote.log.reader.max.pending.tasks = 100
	remote.log.reader.threads = 10
	remote.log.storage.manager.class.name = null
	remote.log.storage.manager.class.path = null
	remote.log.storage.manager.impl.prefix = rsm.config.
	remote.log.storage.system.enable = false

2025-02-16T19:29:56.311+01:00  INFO 61283 --- [products-microservice] [nelReaper-Fetch] lientQuotaManager$ThrottledChannelReaper : [ThrottledChannelReaper-Fetch]: Starting
2025-02-16T19:29:56.311+01:00  INFO 61283 --- [products-microservice] [lReaper-Produce] lientQuotaManager$ThrottledChannelReaper : [ThrottledChannelReaper-Produce]: Starting
2025-02-16T19:29:56.312+01:00  INFO 61283 --- [products-microservice] [lReaper-Request] lientQuotaManager$ThrottledChannelReaper : [ThrottledChannelReaper-Request]: Starting
2025-02-16T19:29:56.313+01:00  INFO 61283 --- [products-microservice] [trollerMutation] lientQuotaManager$ThrottledChannelReaper : [ThrottledChannelReaper-ControllerMutation]: Starting
2025-02-16T19:29:56.317+01:00  INFO 61283 --- [products-microservice] [           main] kafka.server.KafkaServer                 : [KafkaServer id=0] Rewriting /tmp/spring.kafka.7a839423-42ea-4b8a-8186-02306253f82c5701385331364192802/meta.properties
2025-02-16T19:29:56.355+01:00  INFO 61283 --- [products-microservice] [           main] kafka.log.LogManager                     : Loading logs from log dirs ArrayBuffer(/tmp/spring.kafka.7a839423-42ea-4b8a-8186-02306253f82c5701385331364192802)
2025-02-16T19:29:56.359+01:00  INFO 61283 --- [products-microservice] [           main] kafka.log.LogManager                     : No logs found to be loaded in /tmp/spring.kafka.7a839423-42ea-4b8a-8186-02306253f82c5701385331364192802
2025-02-16T19:29:56.364+01:00  INFO 61283 --- [products-microservice] [           main] kafka.log.LogManager                     : Loaded 0 logs in 9ms
2025-02-16T19:29:56.365+01:00  INFO 61283 --- [products-microservice] [           main] kafka.log.LogManager                     : Starting log cleanup with a period of 300000 ms.
2025-02-16T19:29:56.366+01:00  INFO 61283 --- [products-microservice] [           main] kafka.log.LogManager                     : Starting log flusher with a default period of 9223372036854775807 ms.
2025-02-16T19:29:56.383+01:00  INFO 61283 --- [products-microservice] [           main] kafka.log.LogCleaner                     : Starting the log cleaner
2025-02-16T19:29:56.392+01:00  INFO 61283 --- [products-microservice] [leaner-thread-0] kafka.log.LogCleaner$CleanerThread       : [kafka-log-cleaner-thread-0]: Starting
2025-02-16T19:29:56.405+01:00  INFO 61283 --- [products-microservice] [-process-thread] stener$ChangeNotificationProcessorThread : [feature-zk-node-event-process-thread]: Starting
2025-02-16T19:29:56.413+01:00  INFO 61283 --- [products-microservice] [-process-thread] k.server.FinalizedFeatureChangeListener  : Feature ZK node at path: /feature does not exist
2025-02-16T19:29:56.432+01:00  INFO 61283 --- [products-microservice] [channel-manager] k.server.NodeToControllerRequestThread   : [zk-broker-0-to-controller-forwarding-channel-manager]: Starting
2025-02-16T19:29:56.634+01:00  INFO 61283 --- [products-microservice] [           main] kafka.network.ConnectionQuotas           : Updated connection-accept-rate max connection creation rate to 2147483647
2025-02-16T19:29:56.636+01:00  INFO 61283 --- [products-microservice] [           main] kafka.network.DataPlaneAcceptor          : Awaiting socket connections on localhost:33539.
2025-02-16T19:29:56.637+01:00  INFO 61283 --- [products-microservice] [           main] kafka.network.DataPlaneAcceptor          : Opened wildcard endpoint localhost:33539
2025-02-16T19:29:56.647+01:00  INFO 61283 --- [products-microservice] [           main] kafka.network.SocketServer               : [SocketServer listenerType=ZK_BROKER, nodeId=0] Created data-plane acceptor and processors for endpoint : ListenerName(PLAINTEXT)
2025-02-16T19:29:56.650+01:00  INFO 61283 --- [products-microservice] [channel-manager] k.server.NodeToControllerRequestThread   : [zk-broker-0-to-controller-alter-partition-channel-manager]: Starting
[...]
2025-02-16T19:29:58.776+01:00  INFO 61283 --- [products-microservice] [quest-handler-1] kafka.cluster.Partition                  : [Partition product-created-events-topic-1 broker=2] No checkpointed highwatermark is found for partition product-created-events-topic-1
2025-02-16T19:29:58.777+01:00  INFO 61283 --- [products-microservice] [quest-handler-1] kafka.cluster.Partition                  : [Partition product-created-events-topic-1 broker=2] Log loaded for partition product-created-events-topic-1 with initial high watermark 0
2025-02-16T19:29:58.777+01:00  INFO 61283 --- [products-microservice] [quest-handler-4] kafka.log.LogManager                     : Created log for partition product-created-events-topic-0 in /tmp/spring.kafka.7a839423-42ea-4b8a-8186-02306253f82c5701385331364192802/product-created-events-topic-0 with properties {min.insync.replicas=2}
2025-02-16T19:29:58.777+01:00  INFO 61283 --- [products-microservice] [quest-handler-4] kafka.cluster.Partition                  : [Partition product-created-events-topic-0 broker=0] No checkpointed highwatermark is found for partition product-created-events-topic-0
2025-02-16T19:29:58.777+01:00  INFO 61283 --- [products-microservice] [quest-handler-1] state.change.logger                      : [Broker id=2] Follower product-created-events-topic-1 starts at leader epoch 0 from offset 0 with partition epoch 0 and high watermark 0. Current leader is 1. Previous leader Some(1) and previous leader epoch was 0.
2025-02-16T19:29:58.777+01:00  INFO 61283 --- [products-microservice] [quest-handler-4] kafka.cluster.Partition                  : [Partition product-created-events-topic-0 broker=0] Log loaded for partition product-created-events-topic-0 with initial high watermark 0
2025-02-16T19:29:58.777+01:00  INFO 61283 --- [products-microservice] [quest-handler-4] state.change.logger                      : [Broker id=0] Follower product-created-events-topic-0 starts at leader epoch 0 from offset 0 with partition epoch 0 and high watermark 0. Current leader is 2. Previous leader Some(2) and previous leader epoch was 0.
2025-02-16T19:29:58.777+01:00  INFO 61283 --- [products-microservice] [quest-handler-2] kafka.log.UnifiedLog$                    : [LogLoader partition=product-created-events-topic-0, dir=/tmp/spring.kafka.d9a08fe3-c8d2-4090-9247-4c121f65920a17188424143010262524] Loading producer state till offset 0 with message format version 2
2025-02-16T19:29:58.777+01:00  INFO 61283 --- [products-microservice] [quest-handler-1] kafka.server.ReplicaFetcherManager       : [ReplicaFetcherManager on broker 2] Removed fetcher for partitions HashSet(product-created-events-topic-1, product-created-events-topic-2)
2025-02-16T19:29:58.778+01:00  INFO 61283 --- [products-microservice] [quest-handler-4] kafka.server.ReplicaFetcherManager       : [ReplicaFetcherManager on broker 0] Removed fetcher for partitions HashSet(product-created-events-topic-0, product-created-events-topic-1)
2025-02-16T19:29:58.778+01:00  INFO 61283 --- [products-microservice] [quest-handler-2] kafka.log.LogManager                     : Created log for partition product-created-events-topic-0 in /tmp/spring.kafka.d9a08fe3-c8d2-4090-9247-4c121f65920a17188424143010262524/product-created-events-topic-0 with properties {min.insync.replicas=2}
2025-02-16T19:29:58.778+01:00  INFO 61283 --- [products-microservice] [quest-handler-2] kafka.cluster.Partition                  : [Partition product-created-events-topic-0 broker=1] No checkpointed highwatermark is found for partition product-created-events-topic-0
2025-02-16T19:29:58.778+01:00  INFO 61283 --- [products-microservice] [quest-handler-2] kafka.cluster.Partition                  : [Partition product-created-events-topic-0 broker=1] Log loaded for partition product-created-events-topic-0 with initial high watermark 0
2025-02-16T19:29:58.778+01:00  INFO 61283 --- [products-microservice] [quest-handler-2] state.change.logger                      : [Broker id=1] Follower product-created-events-topic-0 starts at leader epoch 0 from offset 0 with partition epoch 0 and high watermark 0. Current leader is 2. Previous leader Some(2) and previous leader epoch was 0.
2025-02-16T19:29:58.779+01:00  INFO 61283 --- [products-microservice] [quest-handler-2] kafka.server.ReplicaFetcherManager       : [ReplicaFetcherManager on broker 1] Removed fetcher for partitions HashSet(product-created-events-topic-0, product-created-events-topic-2)
2025-02-16T19:29:58.779+01:00  INFO 61283 --- [products-microservice] [quest-handler-1] state.change.logger                      : [Broker id=2] Stopped fetchers as part of become-follower request from controller 0 epoch 1 with correlation id 1 for 2 partitions
2025-02-16T19:29:58.779+01:00  INFO 61283 --- [products-microservice] [quest-handler-2] state.change.logger                      : [Broker id=1] Stopped fetchers as part of become-follower request from controller 0 epoch 1 with correlation id 2 for 2 partitions
2025-02-16T19:29:58.779+01:00  INFO 61283 --- [products-microservice] [quest-handler-4] state.change.logger                      : [Broker id=0] Stopped fetchers as part of become-follower request from controller 0 epoch 1 with correlation id 3 for 2 partitions
2025-02-16T19:29:58.800+01:00  INFO 61283 --- [products-microservice] [tcherThread-0-0] kafka.server.ReplicaFetcherThread        : [ReplicaFetcherThread-0-0]: Starting
2025-02-16T19:29:58.800+01:00  INFO 61283 --- [products-microservice] [tcherThread-0-0] kafka.server.ReplicaFetcherThread        : [ReplicaFetcherThread-0-0]: Starting
2025-02-16T19:29:58.801+01:00  INFO 61283 --- [products-microservice] [tcherThread-0-1] kafka.server.ReplicaFetcherThread        : [ReplicaFetcherThread-0-1]: Starting
2025-02-16T19:29:58.803+01:00  INFO 61283 --- [products-microservice] [quest-handler-2] kafka.server.ReplicaFetcherManager       : [ReplicaFetcherManager on broker 1] Added fetcher to broker 0 for partitions Map(product-created-events-topic-2 -> InitialFetchState(Some(fLvx7UXjTRSWaDDUbRYHBg),BrokerEndPoint(id=0, host=localhost:33539),0,0))
2025-02-16T19:29:58.803+01:00  INFO 61283 --- [products-microservice] [quest-handler-4] kafka.server.ReplicaFetcherManager       : [ReplicaFetcherManager on broker 0] Added fetcher to broker 1 for partitions Map(product-created-events-topic-1 -> InitialFetchState(Some(fLvx7UXjTRSWaDDUbRYHBg),BrokerEndPoint(id=1, host=localhost:46481),0,0))
2025-02-16T19:29:58.803+01:00  INFO 61283 --- [products-microservice] [quest-handler-1] kafka.server.ReplicaFetcherManager       : [ReplicaFetcherManager on broker 2] Added fetcher to broker 0 for partitions Map(product-created-events-topic-2 -> InitialFetchState(Some(fLvx7UXjTRSWaDDUbRYHBg),BrokerEndPoint(id=0, host=localhost:33539),0,0))
2025-02-16T19:29:58.806+01:00  INFO 61283 --- [products-microservice] [tcherThread-0-0] kafka.server.ReplicaFetcherThread        : [ReplicaFetcher replicaId=1, leaderId=0, fetcherId=0] Truncating partition product-created-events-topic-2 with TruncationState(offset=0, completed=true) due to local high watermark 0
2025-02-16T19:29:58.806+01:00  INFO 61283 --- [products-microservice] [tcherThread-0-2] kafka.server.ReplicaFetcherThread        : [ReplicaFetcherThread-0-2]: Starting
2025-02-16T19:29:58.806+01:00  INFO 61283 --- [products-microservice] [tcherThread-0-2] kafka.server.ReplicaFetcherThread        : [ReplicaFetcherThread-0-2]: Starting
2025-02-16T19:29:58.806+01:00  INFO 61283 --- [products-microservice] [quest-handler-4] kafka.server.ReplicaFetcherManager       : [ReplicaFetcherManager on broker 0] Added fetcher to broker 2 for partitions Map(product-created-events-topic-0 -> InitialFetchState(Some(fLvx7UXjTRSWaDDUbRYHBg),BrokerEndPoint(id=2, host=localhost:44859),0,0))
2025-02-16T19:29:58.806+01:00  INFO 61283 --- [products-microservice] [quest-handler-2] kafka.server.ReplicaFetcherManager       : [ReplicaFetcherManager on broker 1] Added fetcher to broker 2 for partitions Map(product-created-events-topic-0 -> InitialFetchState(Some(fLvx7UXjTRSWaDDUbRYHBg),BrokerEndPoint(id=2, host=localhost:44859),0,0))
2025-02-16T19:29:58.806+01:00  INFO 61283 --- [products-microservice] [tcherThread-0-2] kafka.server.ReplicaFetcherThread        : [ReplicaFetcher replicaId=0, leaderId=2, fetcherId=0] Truncating partition product-created-events-topic-0 with TruncationState(offset=0, completed=true) due to local high watermark 0
2025-02-16T19:29:58.806+01:00  INFO 61283 --- [products-microservice] [tcherThread-0-2] kafka.server.ReplicaFetcherThread        : [ReplicaFetcher replicaId=1, leaderId=2, fetcherId=0] Truncating partition product-created-events-topic-0 with TruncationState(offset=0, completed=true) due to local high watermark 0
2025-02-16T19:29:58.807+01:00  INFO 61283 --- [products-microservice] [tcherThread-0-0] kafka.log.UnifiedLog                     : [UnifiedLog partition=product-created-events-topic-2, dir=/tmp/spring.kafka.d9a08fe3-c8d2-4090-9247-4c121f65920a17188424143010262524] Truncating to 0 has no effect as the largest offset in the log is -1
2025-02-16T19:29:58.807+01:00  INFO 61283 --- [products-microservice] [tcherThread-0-1] kafka.server.ReplicaFetcherThread        : [ReplicaFetcher replicaId=0, leaderId=1, fetcherId=0] Truncating partition product-created-events-topic-1 with TruncationState(offset=0, completed=true) due to local high watermark 0
2025-02-16T19:29:58.807+01:00  INFO 61283 --- [products-microservice] [tcherThread-0-2] kafka.log.UnifiedLog                     : [UnifiedLog partition=product-created-events-topic-0, dir=/tmp/spring.kafka.7a839423-42ea-4b8a-8186-02306253f82c5701385331364192802] Truncating to 0 has no effect as the largest offset in the log is -1
2025-02-16T19:29:58.808+01:00  INFO 61283 --- [products-microservice] [tcherThread-0-1] kafka.log.UnifiedLog                     : [UnifiedLog partition=product-created-events-topic-1, dir=/tmp/spring.kafka.7a839423-42ea-4b8a-8186-02306253f82c5701385331364192802] Truncating to 0 has no effect as the largest offset in the log is -1
2025-02-16T19:29:58.808+01:00  INFO 61283 --- [products-microservice] [quest-handler-1] kafka.server.ReplicaFetcherManager       : [ReplicaFetcherManager on broker 2] Added fetcher to broker 1 for partitions Map(product-created-events-topic-1 -> InitialFetchState(Some(fLvx7UXjTRSWaDDUbRYHBg),BrokerEndPoint(id=1, host=localhost:46481),0,0))
2025-02-16T19:29:58.808+01:00  INFO 61283 --- [products-microservice] [tcherThread-0-2] kafka.log.UnifiedLog                     : [UnifiedLog partition=product-created-events-topic-0, dir=/tmp/spring.kafka.d9a08fe3-c8d2-4090-9247-4c121f65920a17188424143010262524] Truncating to 0 has no effect as the largest offset in the log is -1
2025-02-16T19:29:58.808+01:00  INFO 61283 --- [products-microservice] [tcherThread-0-0] kafka.server.ReplicaFetcherThread        : [ReplicaFetcher replicaId=2, leaderId=0, fetcherId=0] Truncating partition product-created-events-topic-2 with TruncationState(offset=0, completed=true) due to local high watermark 0
2025-02-16T19:29:58.808+01:00  INFO 61283 --- [products-microservice] [tcherThread-0-1] kafka.server.ReplicaFetcherThread        : [ReplicaFetcherThread-0-1]: Starting
2025-02-16T19:29:58.808+01:00  INFO 61283 --- [products-microservice] [tcherThread-0-0] kafka.log.UnifiedLog                     : [UnifiedLog partition=product-created-events-topic-2, dir=/tmp/spring.kafka.df329940-e5b4-4728-949c-f251bd16a6c511492278887206853450] Truncating to 0 has no effect as the largest offset in the log is -1
2025-02-16T19:29:58.808+01:00  INFO 61283 --- [products-microservice] [tcherThread-0-1] kafka.server.ReplicaFetcherThread        : [ReplicaFetcher replicaId=2, leaderId=1, fetcherId=0] Truncating partition product-created-events-topic-1 with TruncationState(offset=0, completed=true) due to local high watermark 0
2025-02-16T19:29:58.808+01:00  INFO 61283 --- [products-microservice] [tcherThread-0-1] kafka.log.UnifiedLog                     : [UnifiedLog partition=product-created-events-topic-1, dir=/tmp/spring.kafka.df329940-e5b4-4728-949c-f251bd16a6c511492278887206853450] Truncating to 0 has no effect as the largest offset in the log is -1
2025-02-16T19:29:58.823+01:00  INFO 61283 --- [products-microservice] [quest-handler-1] state.change.logger                      : [Broker id=2] Finished LeaderAndIsr request in 192ms correlationId 1 from controller 0 for 3 partitions
2025-02-16T19:29:58.823+01:00  INFO 61283 --- [products-microservice] [quest-handler-4] state.change.logger                      : [Broker id=0] Finished LeaderAndIsr request in 193ms correlationId 3 from controller 0 for 3 partitions
2025-02-16T19:29:58.824+01:00  INFO 61283 --- [products-microservice] [quest-handler-2] state.change.logger                      : [Broker id=1] Finished LeaderAndIsr request in 191ms correlationId 2 from controller 0 for 3 partitions
2025-02-16T19:29:58.835+01:00  INFO 61283 --- [products-microservice] [quest-handler-2] state.change.logger                      : [Broker id=0] Add 3 partitions and deleted 0 partitions from metadata cache in response to UpdateMetadata request sent by controller 0 epoch 1 with correlation id 4
2025-02-16T19:29:58.835+01:00  INFO 61283 --- [products-microservice] [quest-handler-1] state.change.logger                      : [Broker id=1] Add 3 partitions and deleted 0 partitions from metadata cache in response to UpdateMetadata request sent by controller 0 epoch 1 with correlation id 3
2025-02-16T19:29:58.836+01:00  INFO 61283 --- [products-microservice] [quest-handler-5] state.change.logger                      : [Broker id=2] Add 3 partitions and deleted 0 partitions from metadata cache in response to UpdateMetadata request sent by controller 0 epoch 1 with correlation id 2
2025-02-16T19:29:58.860+01:00  INFO 61283 --- [products-microservice] [service-admin-0] o.a.kafka.common.utils.AppInfoParser     : App info kafka.admin.client for products-microservice-admin-0 unregistered
2025-02-16T19:29:58.863+01:00  INFO 61283 --- [products-microservice] [service-admin-0] o.apache.kafka.common.metrics.Metrics    : Metrics scheduler closed
2025-02-16T19:29:58.864+01:00  INFO 61283 --- [products-microservice] [service-admin-0] o.apache.kafka.common.metrics.Metrics    : Closing reporter org.apache.kafka.common.metrics.JmxReporter
2025-02-16T19:29:58.864+01:00  INFO 61283 --- [products-microservice] [service-admin-0] o.apache.kafka.common.metrics.Metrics    : Metrics reporters closed
2025-02-16T19:29:58.895+01:00  WARN 61283 --- [products-microservice] [tcherThread-0-2] kafka.server.ReplicaFetcherThread        : [ReplicaFetcher replicaId=0, leaderId=2, fetcherId=0] Received UNKNOWN_TOPIC_ID from the leader for partition product-created-events-topic-0. This error may be returned transiently when the partition is being created or deleted, but it is not expected to persist.
2025-02-16T19:29:58.896+01:00  WARN 61283 --- [products-microservice] [tcherThread-0-1] kafka.server.ReplicaFetcherThread        : [ReplicaFetcher replicaId=2, leaderId=1, fetcherId=0] Received UNKNOWN_TOPIC_ID from the leader for partition product-created-events-topic-1. This error may be returned transiently when the partition is being created or deleted, but it is not expected to persist.
2025-02-16T19:29:58.896+01:00  WARN 61283 --- [products-microservice] [tcherThread-0-0] kafka.server.ReplicaFetcherThread        : [ReplicaFetcher replicaId=1, leaderId=0, fetcherId=0] Received UNKNOWN_TOPIC_ID from the leader for partition product-created-events-topic-2. This error may be returned transiently when the partition is being created or deleted, but it is not expected to persist.
2025-02-16T19:29:58.895+01:00  WARN 61283 --- [products-microservice] [tcherThread-0-1] kafka.server.ReplicaFetcherThread        : [ReplicaFetcher replicaId=0, leaderId=1, fetcherId=0] Received UNKNOWN_TOPIC_ID from the leader for partition product-created-events-topic-1. This error may be returned transiently when the partition is being created or deleted, but it is not expected to persist.
2025-02-16T19:29:58.896+01:00  WARN 61283 --- [products-microservice] [tcherThread-0-0] kafka.server.ReplicaFetcherThread        : [ReplicaFetcher replicaId=2, leaderId=0, fetcherId=0] Received UNKNOWN_TOPIC_ID from the leader for partition product-created-events-topic-2. This error may be returned transiently when the partition is being created or deleted, but it is not expected to persist.
2025-02-16T19:29:58.896+01:00  WARN 61283 --- [products-microservice] [tcherThread-0-2] kafka.server.ReplicaFetcherThread        : [ReplicaFetcher replicaId=1, leaderId=2, fetcherId=0] Received UNKNOWN_TOPIC_ID from the leader for partition product-created-events-topic-0. This error may be returned transiently when the partition is being created or deleted, but it is not expected to persist.
2025-02-16T19:29:58.904+01:00  INFO 61283 --- [products-microservice] [           main] c.e.p.ProductServiceImplTest             : Started ProductServiceImplTest in 3.7 seconds (process running for 4.509)
]]></system-out>
    <system-err><![CDATA[Feb 16, 2025 7:29:54 PM org.junit.platform.launcher.core.LauncherConfigurationParameters loadClasspathResource
WARNING: Discovered 3 'junit-platform.properties' configuration files on the classpath (see below); only the first (*) will be used.
- jar:file:/home/lei/.m2/repository/org/apache/kafka/kafka-clients/3.8.1/kafka-clients-3.8.1-test.jar!/junit-platform.properties (*)
- jar:file:/home/lei/.m2/repository/org/apache/kafka/kafka-server-common/3.8.1/kafka-server-common-3.8.1-test.jar!/junit-platform.properties
- jar:file:/home/lei/.m2/repository/org/apache/kafka/kafka_2.13/3.8.1/kafka_2.13-3.8.1-test.jar!/junit-platform.properties
Feb 16, 2025 7:29:54 PM org.junit.platform.launcher.core.LauncherConfigurationParameters loadClasspathResource
WARNING: Discovered 3 'junit-platform.properties' configuration files on the classpath (see below); only the first (*) will be used.
- jar:file:/home/lei/.m2/repository/org/apache/kafka/kafka-clients/3.8.1/kafka-clients-3.8.1-test.jar!/junit-platform.properties (*)
- jar:file:/home/lei/.m2/repository/org/apache/kafka/kafka-server-common/3.8.1/kafka-server-common-3.8.1-test.jar!/junit-platform.properties
- jar:file:/home/lei/.m2/repository/org/apache/kafka/kafka_2.13/3.8.1/kafka_2.13-3.8.1-test.jar!/junit-platform.properties
Feb 16, 2025 7:29:54 PM org.junit.platform.launcher.core.LauncherConfigurationParameters loadClasspathResource
WARNING: Discovered 3 'junit-platform.properties' configuration files on the classpath (see below); only the first (*) will be used.
- jar:file:/home/lei/.m2/repository/org/apache/kafka/kafka-clients/3.8.1/kafka-clients-3.8.1-test.jar!/junit-platform.properties (*)
- jar:file:/home/lei/.m2/repository/org/apache/kafka/kafka-server-common/3.8.1/kafka-server-common-3.8.1-test.jar!/junit-platform.properties
- jar:file:/home/lei/.m2/repository/org/apache/kafka/kafka_2.13/3.8.1/kafka_2.13-3.8.1-test.jar!/junit-platform.properties
Mockito is currently self-attaching to enable the inline-mock-maker. This will no longer work in future releases of the JDK. Please add Mockito as an agent to your build what is described in Mockito's documentation: https://javadoc.io/doc/org.mockito/mockito-core/latest/org/mockito/Mockito.html#0.3
WARNING: A Java agent has been loaded dynamically (/home/lei/.m2/repository/net/bytebuddy/byte-buddy-agent/1.15.11/byte-buddy-agent-1.15.11.jar)
WARNING: If a serviceability tool is in use, please run with -XX:+EnableDynamicAgentLoading to hide this warning
WARNING: If a serviceability tool is not in use, please run with -Djdk.instrument.traceUsage for more information
WARNING: Dynamic loading of agents will be disallowed by default in a future release
]]></system-err>
  </testcase>
</testsuite>